[2022-05-28 17:05:35.429 +07:00  DBG]  Registered model binder providers, in the following order: ["Microsoft.AspNetCore.Mvc.ModelBinding.Binders.BinderTypeModelBinderProvider","Microsoft.AspNetCore.Mvc.ModelBinding.Binders.ServicesModelBinderProvider","Microsoft.AspNetCore.Mvc.ModelBinding.Binders.BodyModelBinderProvider","Microsoft.AspNetCore.Mvc.ModelBinding.Binders.HeaderModelBinderProvider","Microsoft.AspNetCore.Mvc.ModelBinding.Binders.FloatingPointTypeModelBinderProvider","Microsoft.AspNetCore.Mvc.ModelBinding.Binders.EnumTypeModelBinderProvider","Microsoft.AspNetCore.Mvc.ModelBinding.Binders.DateTimeModelBinderProvider","Microsoft.AspNetCore.Mvc.ModelBinding.Binders.SimpleTypeModelBinderProvider","Microsoft.AspNetCore.Mvc.ModelBinding.Binders.CancellationTokenModelBinderProvider","Microsoft.AspNetCore.Mvc.ModelBinding.Binders.ByteArrayModelBinderProvider","Microsoft.AspNetCore.Mvc.ModelBinding.Binders.FormFileModelBinderProvider","Microsoft.AspNetCore.Mvc.ModelBinding.Binders.FormCollectionModelBinderProvider","Microsoft.AspNetCore.Mvc.ModelBinding.Binders.KeyValuePairModelBinderProvider","Microsoft.AspNetCore.Mvc.ModelBinding.Binders.DictionaryModelBinderProvider","Microsoft.AspNetCore.Mvc.ModelBinding.Binders.ArrayModelBinderProvider","Microsoft.AspNetCore.Mvc.ModelBinding.Binders.CollectionModelBinderProvider","Microsoft.AspNetCore.Mvc.ModelBinding.Binders.ComplexObjectModelBinderProvider"]
[2022-05-28 17:05:36.216 +07:00  INF]  [MyLog]: Migrating process
[2022-05-28 17:05:39.437 +07:00  DBG]  Hosting starting
[2022-05-28 17:05:39.597 +07:00  INF]  Now listening on: http://localhost:5290
[2022-05-28 17:05:39.597 +07:00  DBG]  Loaded hosting startup assembly SportFieldBooking.API
[2022-05-28 17:05:39.597 +07:00  DBG]  Loaded hosting startup assembly Microsoft.AspNetCore.Watch.BrowserRefresh
[2022-05-28 17:05:39.597 +07:00  DBG]  Loaded hosting startup assembly Microsoft.WebTools.BrowserLink.Net
[2022-05-28 17:05:39.597 +07:00  INF]  Application started. Press Ctrl+C to shut down.
[2022-05-28 17:05:39.597 +07:00  INF]  Hosting environment: Development
[2022-05-28 17:05:39.597 +07:00  INF]  Content root path: D:\#Study\Programming\DotNET\Practice\SportFieldBooking\SportFieldBooking.API\
[2022-05-28 17:05:39.597 +07:00  DBG]  Hosting started
[2022-05-28 17:05:39.933 +07:00  DBG]  Connection id "0HMI0I6F7CKVD" received FIN.
[2022-05-28 17:05:39.939 +07:00  DBG]  Connection id "0HMI0I6F7CKVD" accepted.
[2022-05-28 17:05:39.939 +07:00  DBG]  Connection id "0HMI0I6F7CKVD" started.
[2022-05-28 17:05:39.956 +07:00  DBG]  Connection id "0HMI0I6F7CKVD" sending FIN because: "The client closed the connection."
[2022-05-28 17:05:39.958 +07:00  DBG]  Connection id "0HMI0I6F7CKVD" disconnecting.
[2022-05-28 17:05:39.963 +07:00  DBG]  Connection id "0HMI0I6F7CKVD" stopped.
[2022-05-28 17:05:40.118 +07:00  DBG]  Connection id "0HMI0I6F7CKVE" accepted.
[2022-05-28 17:05:40.119 +07:00  DBG]  Connection id "0HMI0I6F7CKVF" accepted.
[2022-05-28 17:05:40.119 +07:00  DBG]  Connection id "0HMI0I6F7CKVE" started.
[2022-05-28 17:05:40.128 +07:00  DBG]  Connection id "0HMI0I6F7CKVF" started.
[2022-05-28 17:05:40.264 +07:00  INF]  Request starting HTTP/1.1 GET http://localhost:5290/swagger - -
[2022-05-28 17:05:40.417 +07:00  DBG]  Wildcard detected, all requests with hosts will be allowed.
[2022-05-28 17:05:40.472 +07:00  DBG]  No candidates found for the request path '/swagger'
[2022-05-28 17:05:40.472 +07:00  DBG]  Request did not match any endpoints
[2022-05-28 17:05:40.525 +07:00  DBG]  Connection id "0HMI0I6F7CKVF" completed keep alive response.
[2022-05-28 17:05:40.528 +07:00  INF]  Request finished HTTP/1.1 GET http://localhost:5290/swagger - - - 301 0 - 273.4932ms
[2022-05-28 17:05:40.542 +07:00  INF]  Request starting HTTP/1.1 GET http://localhost:5290/swagger/index.html - -
[2022-05-28 17:05:40.543 +07:00  DBG]  No candidates found for the request path '/swagger/index.html'
[2022-05-28 17:05:40.543 +07:00  DBG]  Request did not match any endpoints
[2022-05-28 17:05:40.630 +07:00  DBG]  Response markup is scheduled to include browser refresh script injection.
[2022-05-28 17:05:41.464 +07:00  DBG]  Connection id "0HMI0I6F7CKVG" accepted.
[2022-05-28 17:05:41.466 +07:00  DBG]  Connection id "0HMI0I6F7CKVH" accepted.
[2022-05-28 17:05:41.467 +07:00  DBG]  Connection id "0HMI0I6F7CKVG" started.
[2022-05-28 17:05:41.467 +07:00  INF]  Request starting HTTP/1.1 GET http://localhost:5290/swagger/swagger-ui-bundle.js - -
[2022-05-28 17:05:41.467 +07:00  DBG]  No candidates found for the request path '/swagger/swagger-ui-bundle.js'
[2022-05-28 17:05:41.467 +07:00  DBG]  Request did not match any endpoints
[2022-05-28 17:05:41.469 +07:00  DBG]  Connection id "0HMI0I6F7CKVH" started.
[2022-05-28 17:05:41.469 +07:00  INF]  Request starting HTTP/1.1 GET http://localhost:5290/swagger/swagger-ui.css - -
[2022-05-28 17:05:41.469 +07:00  DBG]  No candidates found for the request path '/swagger/swagger-ui.css'
[2022-05-28 17:05:41.469 +07:00  DBG]  Request did not match any endpoints
[2022-05-28 17:05:41.474 +07:00  INF]  Request starting HTTP/1.1 GET http://localhost:5290/swagger/swagger-ui-standalone-preset.js - -
[2022-05-28 17:05:41.476 +07:00  DBG]  No candidates found for the request path '/swagger/swagger-ui-standalone-preset.js'
[2022-05-28 17:05:41.476 +07:00  DBG]  Request did not match any endpoints
[2022-05-28 17:05:41.487 +07:00  DBG]  Connection id "0HMI0I6F7CKVI" accepted.
[2022-05-28 17:05:41.497 +07:00  DBG]  Response markup was updated to include browser refresh script injection.
[2022-05-28 17:05:41.497 +07:00  DBG]  Connection id "0HMI0I6F7CKVF" completed keep alive response.
[2022-05-28 17:05:41.497 +07:00  INF]  Request finished HTTP/1.1 GET http://localhost:5290/swagger/index.html - - - 200 - text/html;charset=utf-8 955.0626ms
[2022-05-28 17:05:41.503 +07:00  DBG]  Connection id "0HMI0I6F7CKVI" started.
[2022-05-28 17:05:41.503 +07:00  INF]  Request starting HTTP/1.1 GET http://localhost:5290/_framework/aspnetcore-browser-refresh.js - -
[2022-05-28 17:05:41.507 +07:00  DBG]  Connection id "0HMI0I6F7CKVI" completed keep alive response.
[2022-05-28 17:05:41.507 +07:00  INF]  Request finished HTTP/1.1 GET http://localhost:5290/_framework/aspnetcore-browser-refresh.js - - - 200 11998 application/javascript;+charset=utf-8 4.0860ms
[2022-05-28 17:05:41.561 +07:00  INF]  Sending file. Request path: '/swagger-ui.css'. Physical path: 'N/A'
[2022-05-28 17:05:41.561 +07:00  DBG]  Connection id "0HMI0I6F7CKVE" completed keep alive response.
[2022-05-28 17:05:41.561 +07:00  INF]  Request finished HTTP/1.1 GET http://localhost:5290/swagger/swagger-ui.css - - - 200 143632 text/css 91.8221ms
[2022-05-28 17:05:41.642 +07:00  INF]  Sending file. Request path: '/swagger-ui-standalone-preset.js'. Physical path: 'N/A'
[2022-05-28 17:05:41.643 +07:00  DBG]  Connection id "0HMI0I6F7CKVH" completed keep alive response.
[2022-05-28 17:05:41.643 +07:00  INF]  Request finished HTTP/1.1 GET http://localhost:5290/swagger/swagger-ui-standalone-preset.js - - - 200 337162 application/javascript 168.5863ms
[2022-05-28 17:05:41.677 +07:00  INF]  Sending file. Request path: '/swagger-ui-bundle.js'. Physical path: 'N/A'
[2022-05-28 17:05:41.677 +07:00  DBG]  Connection id "0HMI0I6F7CKVG" completed keep alive response.
[2022-05-28 17:05:41.677 +07:00  INF]  Request finished HTTP/1.1 GET http://localhost:5290/swagger/swagger-ui-bundle.js - - - 200 1092889 application/javascript 209.9216ms
[2022-05-28 17:05:42.684 +07:00  INF]  Request starting HTTP/1.1 GET http://localhost:5290/swagger/v1/swagger.json - -
[2022-05-28 17:05:42.684 +07:00  DBG]  No candidates found for the request path '/swagger/v1/swagger.json'
[2022-05-28 17:05:42.684 +07:00  DBG]  Request did not match any endpoints
[2022-05-28 17:05:42.848 +07:00  DBG]  Connection id "0HMI0I6F7CKVG" completed keep alive response.
[2022-05-28 17:05:42.848 +07:00  INF]  Request finished HTTP/1.1 GET http://localhost:5290/swagger/v1/swagger.json - - - 200 - application/json;charset=utf-8 164.4559ms
[2022-05-28 17:05:48.650 +07:00  DBG]  Connection id "0HMI0I6F7CKVF" received FIN.
[2022-05-28 17:05:48.650 +07:00  DBG]  Connection id "0HMI0I6F7CKVH" received FIN.
[2022-05-28 17:05:48.650 +07:00  DBG]  Connection id "0HMI0I6F7CKVI" received FIN.
[2022-05-28 17:05:48.650 +07:00  DBG]  Connection id "0HMI0I6F7CKVG" received FIN.
[2022-05-28 17:05:48.650 +07:00  DBG]  Connection id "0HMI0I6F7CKVE" received FIN.
[2022-05-28 17:05:48.650 +07:00  DBG]  Connection id "0HMI0I6F7CKVF" sending FIN because: "The client closed the connection."
[2022-05-28 17:05:48.650 +07:00  DBG]  Connection id "0HMI0I6F7CKVF" disconnecting.
[2022-05-28 17:05:48.650 +07:00  DBG]  Connection id "0HMI0I6F7CKVI" sending FIN because: "The client closed the connection."
[2022-05-28 17:05:48.650 +07:00  DBG]  Connection id "0HMI0I6F7CKVI" disconnecting.
[2022-05-28 17:05:48.651 +07:00  DBG]  Connection id "0HMI0I6F7CKVG" disconnecting.
[2022-05-28 17:05:48.651 +07:00  DBG]  Connection id "0HMI0I6F7CKVG" sending FIN because: "The client closed the connection."
[2022-05-28 17:05:48.651 +07:00  DBG]  Connection id "0HMI0I6F7CKVE" disconnecting.
[2022-05-28 17:05:48.652 +07:00  DBG]  Connection id "0HMI0I6F7CKVE" stopped.
[2022-05-28 17:05:48.652 +07:00  DBG]  Connection id "0HMI0I6F7CKVG" stopped.
[2022-05-28 17:05:48.652 +07:00  DBG]  Connection id "0HMI0I6F7CKVF" stopped.
[2022-05-28 17:05:48.652 +07:00  DBG]  Connection id "0HMI0I6F7CKVI" stopped.
[2022-05-28 17:05:48.653 +07:00  DBG]  Connection id "0HMI0I6F7CKVH" disconnecting.
[2022-05-28 17:05:48.653 +07:00  DBG]  Connection id "0HMI0I6F7CKVH" sending FIN because: "The client closed the connection."
[2022-05-28 17:05:48.654 +07:00  DBG]  Connection id "0HMI0I6F7CKVE" sending FIN because: "The Socket transport's send loop completed gracefully."
[2022-05-28 17:05:48.664 +07:00  DBG]  Connection id "0HMI0I6F7CKVH" stopped.
[2022-05-28 17:05:57.815 +07:00  DBG]  Connection id "0HMI0I6F7CKVJ" accepted.
[2022-05-28 17:05:57.816 +07:00  DBG]  Connection id "0HMI0I6F7CKVJ" started.
[2022-05-28 17:05:57.816 +07:00  INF]  Request starting HTTP/1.1 GET http://localhost:5290/api/User/GetList?pageNumber=1&pageSize=3 - -
[2022-05-28 17:05:57.828 +07:00  DBG]  1 candidate(s) found for the request path '/api/User/GetList'
[2022-05-28 17:05:57.833 +07:00  DBG]  Endpoint 'SportFieldBooking.API.Controllers.UserController.GetList (SportFieldBooking.API)' with route pattern 'api/User/GetList' is valid for the request path '/api/User/GetList'
[2022-05-28 17:05:57.833 +07:00  DBG]  Request matched endpoint 'SportFieldBooking.API.Controllers.UserController.GetList (SportFieldBooking.API)'
[2022-05-28 17:05:57.833 +07:00  DBG]  Static files was skipped as the request already matched an endpoint.
[2022-05-28 17:05:57.835 +07:00  INF]  Executing endpoint 'SportFieldBooking.API.Controllers.UserController.GetList (SportFieldBooking.API)'
[2022-05-28 17:05:57.868 +07:00  INF]  Route matched with {action = "GetList", controller = "User"}. Executing controller action with signature System.Threading.Tasks.Task`1[Microsoft.AspNetCore.Mvc.IActionResult] GetList(Int64, Int32) on controller SportFieldBooking.API.Controllers.UserController (SportFieldBooking.API).
[2022-05-28 17:05:57.869 +07:00  DBG]  Execution plan of authorization filters (in the following order): ["None"]
[2022-05-28 17:05:57.869 +07:00  DBG]  Execution plan of resource filters (in the following order): ["None"]
[2022-05-28 17:05:57.869 +07:00  DBG]  Execution plan of action filters (in the following order): ["Microsoft.AspNetCore.Mvc.ModelBinding.UnsupportedContentTypeFilter (Order: -3000)","Microsoft.AspNetCore.Mvc.Infrastructure.ModelStateInvalidFilter (Order: -2000)"]
[2022-05-28 17:05:57.869 +07:00  DBG]  Execution plan of exception filters (in the following order): ["None"]
[2022-05-28 17:05:57.869 +07:00  DBG]  Execution plan of result filters (in the following order): ["Microsoft.AspNetCore.Mvc.Infrastructure.ClientErrorResultFilter (Order: -2000)"]
[2022-05-28 17:05:57.870 +07:00  DBG]  Executing controller factory for controller SportFieldBooking.API.Controllers.UserController (SportFieldBooking.API)
[2022-05-28 17:05:58.196 +07:00  DBG]  Executed controller factory for controller SportFieldBooking.API.Controllers.UserController (SportFieldBooking.API)
[2022-05-28 17:05:58.205 +07:00  DBG]  Attempting to bind parameter 'pageNumber' of type 'System.Int64' ...
[2022-05-28 17:05:58.207 +07:00  DBG]  Attempting to bind parameter 'pageNumber' of type 'System.Int64' using the name 'pageNumber' in request data ...
[2022-05-28 17:05:58.209 +07:00  DBG]  Done attempting to bind parameter 'pageNumber' of type 'System.Int64'.
[2022-05-28 17:05:58.209 +07:00  DBG]  Done attempting to bind parameter 'pageNumber' of type 'System.Int64'.
[2022-05-28 17:05:58.209 +07:00  DBG]  Attempting to validate the bound parameter 'pageNumber' of type 'System.Int64' ...
[2022-05-28 17:05:58.210 +07:00  DBG]  Done attempting to validate the bound parameter 'pageNumber' of type 'System.Int64'.
[2022-05-28 17:05:58.211 +07:00  DBG]  Attempting to bind parameter 'pageSize' of type 'System.Int32' ...
[2022-05-28 17:05:58.212 +07:00  DBG]  Attempting to bind parameter 'pageSize' of type 'System.Int32' using the name 'pageSize' in request data ...
[2022-05-28 17:05:58.212 +07:00  DBG]  Done attempting to bind parameter 'pageSize' of type 'System.Int32'.
[2022-05-28 17:05:58.212 +07:00  DBG]  Done attempting to bind parameter 'pageSize' of type 'System.Int32'.
[2022-05-28 17:05:58.212 +07:00  DBG]  Attempting to validate the bound parameter 'pageSize' of type 'System.Int32' ...
[2022-05-28 17:05:58.212 +07:00  DBG]  Done attempting to validate the bound parameter 'pageSize' of type 'System.Int32'.
[2022-05-28 17:05:58.795 +07:00  DBG]  List of registered output formatters, in the following order: ["Microsoft.AspNetCore.Mvc.Formatters.HttpNoContentOutputFormatter","Microsoft.AspNetCore.Mvc.Formatters.StringOutputFormatter","Microsoft.AspNetCore.Mvc.Formatters.StreamOutputFormatter","Microsoft.AspNetCore.Mvc.Formatters.SystemTextJsonOutputFormatter"]
[2022-05-28 17:05:58.796 +07:00  DBG]  No information found on request to perform content negotiation.
[2022-05-28 17:05:58.796 +07:00  DBG]  Attempting to select an output formatter without using a content type as no explicit content types were specified for the response.
[2022-05-28 17:05:58.796 +07:00  DBG]  Attempting to select the first formatter in the output formatters list which can write the result.
[2022-05-28 17:05:58.797 +07:00  DBG]  Selected output formatter 'Microsoft.AspNetCore.Mvc.Formatters.SystemTextJsonOutputFormatter' and content type 'application/json' to write the response.
[2022-05-28 17:05:58.797 +07:00  INF]  Executing OkObjectResult, writing value of type 'SportFieldBooking.Helper.Pagination.Page`1[[SportFieldBooking.Biz.Model.User.List, SportFieldBooking.Biz.Model, Version=1.0.0.0, Culture=neutral, PublicKeyToken=null]]'.
[2022-05-28 17:05:58.810 +07:00  INF]  Executed action SportFieldBooking.API.Controllers.UserController.GetList (SportFieldBooking.API) in 933.955ms
[2022-05-28 17:05:58.810 +07:00  INF]  Executed endpoint 'SportFieldBooking.API.Controllers.UserController.GetList (SportFieldBooking.API)'
[2022-05-28 17:05:58.810 +07:00  DBG]  Connection id "0HMI0I6F7CKVJ" completed keep alive response.
[2022-05-28 17:05:58.814 +07:00  INF]  Request finished HTTP/1.1 GET http://localhost:5290/api/User/GetList?pageNumber=1&pageSize=3 - - - 200 - application/json;+charset=utf-8 997.7634ms
[2022-05-28 17:06:08.677 +07:00  DBG]  Connection id "0HMI0I6F7CKVJ" received FIN.
[2022-05-28 17:06:08.677 +07:00  DBG]  Connection id "0HMI0I6F7CKVJ" disconnecting.
[2022-05-28 17:06:08.677 +07:00  DBG]  Connection id "0HMI0I6F7CKVJ" sending FIN because: "The client closed the connection."
[2022-05-28 17:06:08.692 +07:00  DBG]  Connection id "0HMI0I6F7CKVJ" stopped.
[2022-05-28 17:06:17.172 +07:00  DBG]  Registered model binder providers, in the following order: ["Microsoft.AspNetCore.Mvc.ModelBinding.Binders.BinderTypeModelBinderProvider","Microsoft.AspNetCore.Mvc.ModelBinding.Binders.ServicesModelBinderProvider","Microsoft.AspNetCore.Mvc.ModelBinding.Binders.BodyModelBinderProvider","Microsoft.AspNetCore.Mvc.ModelBinding.Binders.HeaderModelBinderProvider","Microsoft.AspNetCore.Mvc.ModelBinding.Binders.FloatingPointTypeModelBinderProvider","Microsoft.AspNetCore.Mvc.ModelBinding.Binders.EnumTypeModelBinderProvider","Microsoft.AspNetCore.Mvc.ModelBinding.Binders.DateTimeModelBinderProvider","Microsoft.AspNetCore.Mvc.ModelBinding.Binders.SimpleTypeModelBinderProvider","Microsoft.AspNetCore.Mvc.ModelBinding.Binders.CancellationTokenModelBinderProvider","Microsoft.AspNetCore.Mvc.ModelBinding.Binders.ByteArrayModelBinderProvider","Microsoft.AspNetCore.Mvc.ModelBinding.Binders.FormFileModelBinderProvider","Microsoft.AspNetCore.Mvc.ModelBinding.Binders.FormCollectionModelBinderProvider","Microsoft.AspNetCore.Mvc.ModelBinding.Binders.KeyValuePairModelBinderProvider","Microsoft.AspNetCore.Mvc.ModelBinding.Binders.DictionaryModelBinderProvider","Microsoft.AspNetCore.Mvc.ModelBinding.Binders.ArrayModelBinderProvider","Microsoft.AspNetCore.Mvc.ModelBinding.Binders.CollectionModelBinderProvider","Microsoft.AspNetCore.Mvc.ModelBinding.Binders.ComplexObjectModelBinderProvider"]
[2022-05-28 17:06:17.283 +07:00  INF]  [MyLog]: Migrating process
[2022-05-28 17:06:19.707 +07:00  DBG]  Hosting starting
[2022-05-28 17:06:19.834 +07:00  INF]  Now listening on: http://localhost:5290
[2022-05-28 17:06:19.834 +07:00  DBG]  Loaded hosting startup assembly SportFieldBooking.API
[2022-05-28 17:06:19.834 +07:00  DBG]  Loaded hosting startup assembly Microsoft.AspNetCore.Watch.BrowserRefresh
[2022-05-28 17:06:19.834 +07:00  DBG]  Loaded hosting startup assembly Microsoft.WebTools.BrowserLink.Net
[2022-05-28 17:06:19.835 +07:00  INF]  Application started. Press Ctrl+C to shut down.
[2022-05-28 17:06:19.835 +07:00  INF]  Hosting environment: Development
[2022-05-28 17:06:19.835 +07:00  INF]  Content root path: D:\#Study\Programming\DotNET\Practice\SportFieldBooking\SportFieldBooking.API\
[2022-05-28 17:06:19.835 +07:00  DBG]  Hosting started
[2022-05-28 17:06:19.873 +07:00  DBG]  Connection id "0HMI0I6R48E7U" accepted.
[2022-05-28 17:06:19.873 +07:00  DBG]  Connection id "0HMI0I6R48E7T" accepted.
[2022-05-28 17:06:19.874 +07:00  DBG]  Connection id "0HMI0I6R48E7V" accepted.
[2022-05-28 17:06:19.875 +07:00  DBG]  Connection id "0HMI0I6R48E7V" started.
[2022-05-28 17:06:19.875 +07:00  DBG]  Connection id "0HMI0I6R48E7T" started.
[2022-05-28 17:06:19.875 +07:00  DBG]  Connection id "0HMI0I6R48E7U" started.
[2022-05-28 17:06:19.974 +07:00  INF]  Request starting HTTP/1.1 GET http://localhost:5290/swagger/index.html - -
[2022-05-28 17:06:20.024 +07:00  DBG]  Wildcard detected, all requests with hosts will be allowed.
[2022-05-28 17:06:20.080 +07:00  DBG]  No candidates found for the request path '/swagger/index.html'
[2022-05-28 17:06:20.080 +07:00  DBG]  Request did not match any endpoints
[2022-05-28 17:06:20.357 +07:00  DBG]  Response markup is scheduled to include browser refresh script injection.
[2022-05-28 17:06:20.986 +07:00  DBG]  Response markup was updated to include browser refresh script injection.
[2022-05-28 17:06:20.987 +07:00  DBG]  Connection id "0HMI0I6R48E7T" completed keep alive response.
[2022-05-28 17:06:20.989 +07:00  INF]  Request finished HTTP/1.1 GET http://localhost:5290/swagger/index.html - - - 200 - text/html;charset=utf-8 1019.2423ms
[2022-05-28 17:06:21.040 +07:00  INF]  Request starting HTTP/1.1 GET http://localhost:5290/_framework/aspnetcore-browser-refresh.js - -
[2022-05-28 17:06:21.044 +07:00  DBG]  Connection id "0HMI0I6R48E7T" completed keep alive response.
[2022-05-28 17:06:21.044 +07:00  INF]  Request finished HTTP/1.1 GET http://localhost:5290/_framework/aspnetcore-browser-refresh.js - - - 200 11998 application/javascript;+charset=utf-8 4.3855ms
[2022-05-28 17:06:22.485 +07:00  INF]  Request starting HTTP/1.1 GET http://localhost:5290/swagger/v1/swagger.json - -
[2022-05-28 17:06:22.485 +07:00  DBG]  No candidates found for the request path '/swagger/v1/swagger.json'
[2022-05-28 17:06:22.485 +07:00  DBG]  Request did not match any endpoints
[2022-05-28 17:06:22.564 +07:00  INF]  Request starting HTTP/1.1 GET http://localhost:5290/swagger/favicon-32x32.png - -
[2022-05-28 17:06:22.565 +07:00  DBG]  No candidates found for the request path '/swagger/favicon-32x32.png'
[2022-05-28 17:06:22.565 +07:00  DBG]  Request did not match any endpoints
[2022-05-28 17:06:22.587 +07:00  INF]  Sending file. Request path: '/favicon-32x32.png'. Physical path: 'N/A'
[2022-05-28 17:06:22.587 +07:00  DBG]  Connection id "0HMI0I6R48E7U" completed keep alive response.
[2022-05-28 17:06:22.587 +07:00  INF]  Request finished HTTP/1.1 GET http://localhost:5290/swagger/favicon-32x32.png - - - 200 628 image/png 24.4849ms
[2022-05-28 17:06:22.863 +07:00  DBG]  Connection id "0HMI0I6R48E7T" completed keep alive response.
[2022-05-28 17:06:22.863 +07:00  INF]  Request finished HTTP/1.1 GET http://localhost:5290/swagger/v1/swagger.json - - - 200 - application/json;charset=utf-8 378.9017ms
[2022-05-28 17:06:28.704 +07:00  DBG]  Connection id "0HMI0I6R48E7T" received FIN.
[2022-05-28 17:06:28.704 +07:00  DBG]  Connection id "0HMI0I6R48E7V" received FIN.
[2022-05-28 17:06:28.704 +07:00  DBG]  Connection id "0HMI0I6R48E7U" received FIN.
[2022-05-28 17:06:28.705 +07:00  DBG]  Connection id "0HMI0I6R48E7U" sending FIN because: "The client closed the connection."
[2022-05-28 17:06:28.705 +07:00  DBG]  Connection id "0HMI0I6R48E7T" sending FIN because: "The client closed the connection."
[2022-05-28 17:06:28.705 +07:00  DBG]  Connection id "0HMI0I6R48E7V" disconnecting.
[2022-05-28 17:06:28.705 +07:00  DBG]  Connection id "0HMI0I6R48E7T" disconnecting.
[2022-05-28 17:06:28.705 +07:00  DBG]  Connection id "0HMI0I6R48E7U" disconnecting.
[2022-05-28 17:06:28.706 +07:00  DBG]  Connection id "0HMI0I6R48E7V" sending FIN because: "The client closed the connection."
[2022-05-28 17:06:28.706 +07:00  DBG]  Connection id "0HMI0I6R48E7V" stopped.
[2022-05-28 17:06:28.706 +07:00  DBG]  Connection id "0HMI0I6R48E7T" stopped.
[2022-05-28 17:06:28.706 +07:00  DBG]  Connection id "0HMI0I6R48E7U" stopped.
[2022-05-28 17:06:35.106 +07:00  DBG]  Registered model binder providers, in the following order: ["Microsoft.AspNetCore.Mvc.ModelBinding.Binders.BinderTypeModelBinderProvider","Microsoft.AspNetCore.Mvc.ModelBinding.Binders.ServicesModelBinderProvider","Microsoft.AspNetCore.Mvc.ModelBinding.Binders.BodyModelBinderProvider","Microsoft.AspNetCore.Mvc.ModelBinding.Binders.HeaderModelBinderProvider","Microsoft.AspNetCore.Mvc.ModelBinding.Binders.FloatingPointTypeModelBinderProvider","Microsoft.AspNetCore.Mvc.ModelBinding.Binders.EnumTypeModelBinderProvider","Microsoft.AspNetCore.Mvc.ModelBinding.Binders.DateTimeModelBinderProvider","Microsoft.AspNetCore.Mvc.ModelBinding.Binders.SimpleTypeModelBinderProvider","Microsoft.AspNetCore.Mvc.ModelBinding.Binders.CancellationTokenModelBinderProvider","Microsoft.AspNetCore.Mvc.ModelBinding.Binders.ByteArrayModelBinderProvider","Microsoft.AspNetCore.Mvc.ModelBinding.Binders.FormFileModelBinderProvider","Microsoft.AspNetCore.Mvc.ModelBinding.Binders.FormCollectionModelBinderProvider","Microsoft.AspNetCore.Mvc.ModelBinding.Binders.KeyValuePairModelBinderProvider","Microsoft.AspNetCore.Mvc.ModelBinding.Binders.DictionaryModelBinderProvider","Microsoft.AspNetCore.Mvc.ModelBinding.Binders.ArrayModelBinderProvider","Microsoft.AspNetCore.Mvc.ModelBinding.Binders.CollectionModelBinderProvider","Microsoft.AspNetCore.Mvc.ModelBinding.Binders.ComplexObjectModelBinderProvider"]
[2022-05-28 17:06:35.348 +07:00  INF]  [MyLog]: Migrating process
[2022-05-28 17:06:36.988 +07:00  ERR]  [MyLog]: Error in migrating process
