[2022-04-18 13:43:40.823 +07:00  DBG]  Registered model binder providers, in the following order: ["Microsoft.AspNetCore.Mvc.ModelBinding.Binders.BinderTypeModelBinderProvider","Microsoft.AspNetCore.Mvc.ModelBinding.Binders.ServicesModelBinderProvider","Microsoft.AspNetCore.Mvc.ModelBinding.Binders.BodyModelBinderProvider","Microsoft.AspNetCore.Mvc.ModelBinding.Binders.HeaderModelBinderProvider","Microsoft.AspNetCore.Mvc.ModelBinding.Binders.FloatingPointTypeModelBinderProvider","Microsoft.AspNetCore.Mvc.ModelBinding.Binders.EnumTypeModelBinderProvider","Microsoft.AspNetCore.Mvc.ModelBinding.Binders.DateTimeModelBinderProvider","Microsoft.AspNetCore.Mvc.ModelBinding.Binders.SimpleTypeModelBinderProvider","Microsoft.AspNetCore.Mvc.ModelBinding.Binders.CancellationTokenModelBinderProvider","Microsoft.AspNetCore.Mvc.ModelBinding.Binders.ByteArrayModelBinderProvider","Microsoft.AspNetCore.Mvc.ModelBinding.Binders.FormFileModelBinderProvider","Microsoft.AspNetCore.Mvc.ModelBinding.Binders.FormCollectionModelBinderProvider","Microsoft.AspNetCore.Mvc.ModelBinding.Binders.KeyValuePairModelBinderProvider","Microsoft.AspNetCore.Mvc.ModelBinding.Binders.DictionaryModelBinderProvider","Microsoft.AspNetCore.Mvc.ModelBinding.Binders.ArrayModelBinderProvider","Microsoft.AspNetCore.Mvc.ModelBinding.Binders.CollectionModelBinderProvider","Microsoft.AspNetCore.Mvc.ModelBinding.Binders.ComplexObjectModelBinderProvider"]
[2022-04-18 13:44:14.811 +07:00  DBG]  Registered model binder providers, in the following order: ["Microsoft.AspNetCore.Mvc.ModelBinding.Binders.BinderTypeModelBinderProvider","Microsoft.AspNetCore.Mvc.ModelBinding.Binders.ServicesModelBinderProvider","Microsoft.AspNetCore.Mvc.ModelBinding.Binders.BodyModelBinderProvider","Microsoft.AspNetCore.Mvc.ModelBinding.Binders.HeaderModelBinderProvider","Microsoft.AspNetCore.Mvc.ModelBinding.Binders.FloatingPointTypeModelBinderProvider","Microsoft.AspNetCore.Mvc.ModelBinding.Binders.EnumTypeModelBinderProvider","Microsoft.AspNetCore.Mvc.ModelBinding.Binders.DateTimeModelBinderProvider","Microsoft.AspNetCore.Mvc.ModelBinding.Binders.SimpleTypeModelBinderProvider","Microsoft.AspNetCore.Mvc.ModelBinding.Binders.CancellationTokenModelBinderProvider","Microsoft.AspNetCore.Mvc.ModelBinding.Binders.ByteArrayModelBinderProvider","Microsoft.AspNetCore.Mvc.ModelBinding.Binders.FormFileModelBinderProvider","Microsoft.AspNetCore.Mvc.ModelBinding.Binders.FormCollectionModelBinderProvider","Microsoft.AspNetCore.Mvc.ModelBinding.Binders.KeyValuePairModelBinderProvider","Microsoft.AspNetCore.Mvc.ModelBinding.Binders.DictionaryModelBinderProvider","Microsoft.AspNetCore.Mvc.ModelBinding.Binders.ArrayModelBinderProvider","Microsoft.AspNetCore.Mvc.ModelBinding.Binders.CollectionModelBinderProvider","Microsoft.AspNetCore.Mvc.ModelBinding.Binders.ComplexObjectModelBinderProvider"]
[2022-04-18 13:44:17.876 +07:00  DBG]  Hosting starting
[2022-04-18 13:44:18.220 +07:00  INF]  Now listening on: http://localhost:5290
[2022-04-18 13:44:18.221 +07:00  DBG]  Loaded hosting startup assembly SportFieldBooking.API
[2022-04-18 13:44:18.221 +07:00  DBG]  Loaded hosting startup assembly Microsoft.AspNetCore.Watch.BrowserRefresh
[2022-04-18 13:44:18.221 +07:00  DBG]  Loaded hosting startup assembly Microsoft.WebTools.BrowserLink.Net
[2022-04-18 13:44:18.221 +07:00  INF]  Application started. Press Ctrl+C to shut down.
[2022-04-18 13:44:18.221 +07:00  INF]  Hosting environment: Development
[2022-04-18 13:44:18.221 +07:00  INF]  Content root path: D:\#Study\Programming\DotNET\Practice\SportFieldBooking\SportFieldBooking.API\
[2022-04-18 13:44:18.221 +07:00  DBG]  Hosting started
[2022-04-18 13:44:18.489 +07:00  DBG]  Connection id "0HMH10REDBP36" accepted.
[2022-04-18 13:44:18.489 +07:00  DBG]  Connection id "0HMH10REDBP37" accepted.
[2022-04-18 13:44:18.490 +07:00  DBG]  Connection id "0HMH10REDBP36" started.
[2022-04-18 13:44:18.490 +07:00  DBG]  Connection id "0HMH10REDBP37" started.
[2022-04-18 13:44:18.495 +07:00  DBG]  Connection id "0HMH10REDBP37" received FIN.
[2022-04-18 13:44:18.496 +07:00  DBG]  Connection id "0HMH10REDBP36" received FIN.
[2022-04-18 13:44:18.514 +07:00  DBG]  Connection id "0HMH10REDBP36" sending FIN because: "The client closed the connection."
[2022-04-18 13:44:18.514 +07:00  DBG]  Connection id "0HMH10REDBP37" sending FIN because: "The client closed the connection."
[2022-04-18 13:44:18.517 +07:00  DBG]  Connection id "0HMH10REDBP36" disconnecting.
[2022-04-18 13:44:18.517 +07:00  DBG]  Connection id "0HMH10REDBP37" disconnecting.
[2022-04-18 13:44:18.521 +07:00  DBG]  Connection id "0HMH10REDBP36" stopped.
[2022-04-18 13:44:18.521 +07:00  DBG]  Connection id "0HMH10REDBP37" stopped.
[2022-04-18 13:44:21.089 +07:00  DBG]  Connection id "0HMH10REDBP38" accepted.
[2022-04-18 13:44:21.089 +07:00  DBG]  Connection id "0HMH10REDBP39" accepted.
[2022-04-18 13:44:21.130 +07:00  DBG]  Connection id "0HMH10REDBP38" started.
[2022-04-18 13:44:21.130 +07:00  DBG]  Connection id "0HMH10REDBP39" started.
[2022-04-18 13:44:21.623 +07:00  INF]  Request starting HTTP/1.1 GET http://localhost:5290/swagger - -
[2022-04-18 13:44:21.711 +07:00  DBG]  Wildcard detected, all requests with hosts will be allowed.
[2022-04-18 13:44:21.753 +07:00  DBG]  No candidates found for the request path '/swagger'
[2022-04-18 13:44:21.754 +07:00  DBG]  Request did not match any endpoints
[2022-04-18 13:44:22.030 +07:00  DBG]  Connection id "0HMH10REDBP39" completed keep alive response.
[2022-04-18 13:44:22.035 +07:00  INF]  Request finished HTTP/1.1 GET http://localhost:5290/swagger - - - 301 0 - 429.9924ms
[2022-04-18 13:44:22.104 +07:00  INF]  Request starting HTTP/1.1 GET http://localhost:5290/swagger/index.html - -
[2022-04-18 13:44:22.105 +07:00  DBG]  No candidates found for the request path '/swagger/index.html'
[2022-04-18 13:44:22.105 +07:00  DBG]  Request did not match any endpoints
[2022-04-18 13:44:22.400 +07:00  DBG]  Response markup is scheduled to include browser refresh script injection.
[2022-04-18 13:44:22.956 +07:00  DBG]  Response markup was updated to include browser refresh script injection.
[2022-04-18 13:44:22.956 +07:00  DBG]  Connection id "0HMH10REDBP39" completed keep alive response.
[2022-04-18 13:44:22.957 +07:00  INF]  Request finished HTTP/1.1 GET http://localhost:5290/swagger/index.html - - - 200 - text/html;charset=utf-8 852.9716ms
[2022-04-18 13:44:23.183 +07:00  DBG]  Connection id "0HMH10REDBP3A" accepted.
[2022-04-18 13:44:23.184 +07:00  DBG]  Connection id "0HMH10REDBP3B" accepted.
[2022-04-18 13:44:23.186 +07:00  DBG]  Connection id "0HMH10REDBP3A" started.
[2022-04-18 13:44:23.186 +07:00  DBG]  Connection id "0HMH10REDBP3B" started.
[2022-04-18 13:44:23.187 +07:00  INF]  Request starting HTTP/1.1 GET http://localhost:5290/swagger/swagger-ui-bundle.js - -
[2022-04-18 13:44:23.187 +07:00  DBG]  No candidates found for the request path '/swagger/swagger-ui-bundle.js'
[2022-04-18 13:44:23.187 +07:00  DBG]  Request did not match any endpoints
[2022-04-18 13:44:23.188 +07:00  INF]  Request starting HTTP/1.1 GET http://localhost:5290/swagger/swagger-ui-standalone-preset.js - -
[2022-04-18 13:44:23.188 +07:00  DBG]  No candidates found for the request path '/swagger/swagger-ui-standalone-preset.js'
[2022-04-18 13:44:23.188 +07:00  DBG]  Request did not match any endpoints
[2022-04-18 13:44:23.189 +07:00  INF]  Request starting HTTP/1.1 GET http://localhost:5290/_framework/aspnetcore-browser-refresh.js - -
[2022-04-18 13:44:23.194 +07:00  DBG]  Connection id "0HMH10REDBP3A" completed keep alive response.
[2022-04-18 13:44:23.195 +07:00  INF]  Request finished HTTP/1.1 GET http://localhost:5290/_framework/aspnetcore-browser-refresh.js - - - 200 11998 application/javascript;+charset=utf-8 5.7000ms
[2022-04-18 13:44:23.201 +07:00  INF]  Request starting HTTP/1.1 GET http://localhost:5290/swagger/swagger-ui.css - -
[2022-04-18 13:44:23.201 +07:00  DBG]  No candidates found for the request path '/swagger/swagger-ui.css'
[2022-04-18 13:44:23.201 +07:00  DBG]  Request did not match any endpoints
[2022-04-18 13:44:23.234 +07:00  INF]  Sending file. Request path: '/swagger-ui.css'. Physical path: 'N/A'
[2022-04-18 13:44:23.234 +07:00  DBG]  Connection id "0HMH10REDBP39" completed keep alive response.
[2022-04-18 13:44:23.234 +07:00  INF]  Request finished HTTP/1.1 GET http://localhost:5290/swagger/swagger-ui.css - - - 200 143632 text/css 33.0661ms
[2022-04-18 13:44:23.296 +07:00  INF]  Sending file. Request path: '/swagger-ui-standalone-preset.js'. Physical path: 'N/A'
[2022-04-18 13:44:23.296 +07:00  DBG]  Connection id "0HMH10REDBP3B" completed keep alive response.
[2022-04-18 13:44:23.296 +07:00  INF]  Request finished HTTP/1.1 GET http://localhost:5290/swagger/swagger-ui-standalone-preset.js - - - 200 337162 application/javascript 108.2913ms
[2022-04-18 13:44:23.368 +07:00  INF]  Sending file. Request path: '/swagger-ui-bundle.js'. Physical path: 'N/A'
[2022-04-18 13:44:23.368 +07:00  DBG]  Connection id "0HMH10REDBP38" completed keep alive response.
[2022-04-18 13:44:23.368 +07:00  INF]  Request finished HTTP/1.1 GET http://localhost:5290/swagger/swagger-ui-bundle.js - - - 200 1092889 application/javascript 181.2758ms
[2022-04-18 13:44:24.409 +07:00  DBG]  Connection id "0HMH10REDBP3A" received FIN.
[2022-04-18 13:44:24.409 +07:00  DBG]  Connection id "0HMH10REDBP39" received FIN.
[2022-04-18 13:44:24.409 +07:00  DBG]  Connection id "0HMH10REDBP3B" received FIN.
[2022-04-18 13:44:24.409 +07:00  DBG]  Connection id "0HMH10REDBP38" received FIN.
[2022-04-18 13:44:24.414 +07:00  DBG]  Connection id "0HMH10REDBP3A" disconnecting.
[2022-04-18 13:44:24.414 +07:00  DBG]  Connection id "0HMH10REDBP3A" sending FIN because: "The client closed the connection."
[2022-04-18 13:44:24.414 +07:00  DBG]  Connection id "0HMH10REDBP39" sending FIN because: "The client closed the connection."
[2022-04-18 13:44:24.415 +07:00  DBG]  Connection id "0HMH10REDBP39" disconnecting.
[2022-04-18 13:44:24.415 +07:00  DBG]  Connection id "0HMH10REDBP3B" disconnecting.
[2022-04-18 13:44:24.415 +07:00  DBG]  Connection id "0HMH10REDBP3B" sending FIN because: "The client closed the connection."
[2022-04-18 13:44:24.415 +07:00  DBG]  Connection id "0HMH10REDBP38" disconnecting.
[2022-04-18 13:44:24.416 +07:00  DBG]  Connection id "0HMH10REDBP38" stopped.
[2022-04-18 13:44:24.416 +07:00  DBG]  Connection id "0HMH10REDBP39" stopped.
[2022-04-18 13:44:24.417 +07:00  DBG]  Connection id "0HMH10REDBP3A" stopped.
[2022-04-18 13:44:24.419 +07:00  DBG]  Connection id "0HMH10REDBP38" sending FIN because: "The Socket transport's send loop completed gracefully."
[2022-04-18 13:44:24.419 +07:00  DBG]  Connection id "0HMH10REDBP3B" stopped.
[2022-04-18 13:44:24.570 +07:00  DBG]  Connection id "0HMH10REDBP3C" accepted.
[2022-04-18 13:44:24.571 +07:00  DBG]  Connection id "0HMH10REDBP3C" started.
[2022-04-18 13:44:24.573 +07:00  INF]  Request starting HTTP/1.1 GET http://localhost:5290/swagger/v1/swagger.json - -
[2022-04-18 13:44:24.573 +07:00  DBG]  No candidates found for the request path '/swagger/v1/swagger.json'
[2022-04-18 13:44:24.573 +07:00  DBG]  Request did not match any endpoints
[2022-04-18 13:44:24.598 +07:00  DBG]  Connection id "0HMH10REDBP3D" accepted.
[2022-04-18 13:44:24.602 +07:00  DBG]  Connection id "0HMH10REDBP3D" started.
[2022-04-18 13:44:24.602 +07:00  INF]  Request starting HTTP/1.1 GET http://localhost:5290/swagger/favicon-32x32.png - -
[2022-04-18 13:44:24.602 +07:00  DBG]  No candidates found for the request path '/swagger/favicon-32x32.png'
[2022-04-18 13:44:24.602 +07:00  DBG]  Request did not match any endpoints
[2022-04-18 13:44:24.603 +07:00  INF]  Sending file. Request path: '/favicon-32x32.png'. Physical path: 'N/A'
[2022-04-18 13:44:24.603 +07:00  DBG]  Connection id "0HMH10REDBP3D" completed keep alive response.
[2022-04-18 13:44:24.603 +07:00  INF]  Request finished HTTP/1.1 GET http://localhost:5290/swagger/favicon-32x32.png - - - 200 628 image/png 0.8134ms
[2022-04-18 13:44:24.805 +07:00  DBG]  Connection id "0HMH10REDBP3C" completed keep alive response.
[2022-04-18 13:44:24.805 +07:00  INF]  Request finished HTTP/1.1 GET http://localhost:5290/swagger/v1/swagger.json - - - 200 - application/json;charset=utf-8 232.2293ms
[2022-04-18 13:44:34.412 +07:00  DBG]  Connection id "0HMH10REDBP3D" received FIN.
[2022-04-18 13:44:34.412 +07:00  DBG]  Connection id "0HMH10REDBP3C" received FIN.
[2022-04-18 13:44:34.412 +07:00  DBG]  Connection id "0HMH10REDBP3D" sending FIN because: "The client closed the connection."
[2022-04-18 13:44:34.412 +07:00  DBG]  Connection id "0HMH10REDBP3C" disconnecting.
[2022-04-18 13:44:34.413 +07:00  DBG]  Connection id "0HMH10REDBP3C" sending FIN because: "The client closed the connection."
[2022-04-18 13:44:34.413 +07:00  DBG]  Connection id "0HMH10REDBP3D" disconnecting.
[2022-04-18 13:44:34.413 +07:00  DBG]  Connection id "0HMH10REDBP3D" stopped.
[2022-04-18 13:44:34.415 +07:00  DBG]  Connection id "0HMH10REDBP3C" stopped.
[2022-04-18 13:44:49.533 +07:00  INF]  Application is shutting down...
[2022-04-18 13:44:49.536 +07:00  DBG]  Hosting stopping
[2022-04-18 13:44:49.593 +07:00  DBG]  Hosting stopped
[2022-04-18 13:45:47.516 +07:00  DBG]  Registered model binder providers, in the following order: ["Microsoft.AspNetCore.Mvc.ModelBinding.Binders.BinderTypeModelBinderProvider","Microsoft.AspNetCore.Mvc.ModelBinding.Binders.ServicesModelBinderProvider","Microsoft.AspNetCore.Mvc.ModelBinding.Binders.BodyModelBinderProvider","Microsoft.AspNetCore.Mvc.ModelBinding.Binders.HeaderModelBinderProvider","Microsoft.AspNetCore.Mvc.ModelBinding.Binders.FloatingPointTypeModelBinderProvider","Microsoft.AspNetCore.Mvc.ModelBinding.Binders.EnumTypeModelBinderProvider","Microsoft.AspNetCore.Mvc.ModelBinding.Binders.DateTimeModelBinderProvider","Microsoft.AspNetCore.Mvc.ModelBinding.Binders.SimpleTypeModelBinderProvider","Microsoft.AspNetCore.Mvc.ModelBinding.Binders.CancellationTokenModelBinderProvider","Microsoft.AspNetCore.Mvc.ModelBinding.Binders.ByteArrayModelBinderProvider","Microsoft.AspNetCore.Mvc.ModelBinding.Binders.FormFileModelBinderProvider","Microsoft.AspNetCore.Mvc.ModelBinding.Binders.FormCollectionModelBinderProvider","Microsoft.AspNetCore.Mvc.ModelBinding.Binders.KeyValuePairModelBinderProvider","Microsoft.AspNetCore.Mvc.ModelBinding.Binders.DictionaryModelBinderProvider","Microsoft.AspNetCore.Mvc.ModelBinding.Binders.ArrayModelBinderProvider","Microsoft.AspNetCore.Mvc.ModelBinding.Binders.CollectionModelBinderProvider","Microsoft.AspNetCore.Mvc.ModelBinding.Binders.ComplexObjectModelBinderProvider"]
[2022-04-18 13:45:49.425 +07:00  DBG]  Hosting starting
[2022-04-18 13:45:49.502 +07:00  INF]  Now listening on: http://localhost:5290
[2022-04-18 13:45:49.502 +07:00  DBG]  Loaded hosting startup assembly SportFieldBooking.API
[2022-04-18 13:45:49.502 +07:00  DBG]  Loaded hosting startup assembly Microsoft.AspNetCore.Watch.BrowserRefresh
[2022-04-18 13:45:49.502 +07:00  DBG]  Loaded hosting startup assembly Microsoft.WebTools.BrowserLink.Net
[2022-04-18 13:45:49.502 +07:00  INF]  Application started. Press Ctrl+C to shut down.
[2022-04-18 13:45:49.503 +07:00  INF]  Hosting environment: Development
[2022-04-18 13:45:49.503 +07:00  INF]  Content root path: D:\#Study\Programming\DotNET\Practice\SportFieldBooking\SportFieldBooking.API\
[2022-04-18 13:45:49.503 +07:00  DBG]  Hosting started
[2022-04-18 13:45:49.526 +07:00  DBG]  Connection id "0HMH10S9HHS9H" received FIN.
[2022-04-18 13:45:49.526 +07:00  DBG]  Connection id "0HMH10S9HHS9G" received FIN.
[2022-04-18 13:45:49.528 +07:00  DBG]  Connection id "0HMH10S9HHS9G" accepted.
[2022-04-18 13:45:49.528 +07:00  DBG]  Connection id "0HMH10S9HHS9H" accepted.
[2022-04-18 13:45:49.530 +07:00  DBG]  Connection id "0HMH10S9HHS9H" started.
[2022-04-18 13:45:49.530 +07:00  DBG]  Connection id "0HMH10S9HHS9G" started.
[2022-04-18 13:45:49.549 +07:00  DBG]  Connection id "0HMH10S9HHS9H" sending FIN because: "The client closed the connection."
[2022-04-18 13:45:49.549 +07:00  DBG]  Connection id "0HMH10S9HHS9G" sending FIN because: "The client closed the connection."
[2022-04-18 13:45:49.553 +07:00  DBG]  Connection id "0HMH10S9HHS9H" disconnecting.
[2022-04-18 13:45:49.553 +07:00  DBG]  Connection id "0HMH10S9HHS9G" disconnecting.
[2022-04-18 13:45:49.557 +07:00  DBG]  Connection id "0HMH10S9HHS9H" stopped.
[2022-04-18 13:45:49.557 +07:00  DBG]  Connection id "0HMH10S9HHS9G" stopped.
[2022-04-18 13:45:49.782 +07:00  DBG]  Connection id "0HMH10S9HHS9I" accepted.
[2022-04-18 13:45:49.783 +07:00  DBG]  Connection id "0HMH10S9HHS9J" accepted.
[2022-04-18 13:45:49.812 +07:00  DBG]  Connection id "0HMH10S9HHS9I" started.
[2022-04-18 13:45:49.814 +07:00  DBG]  Connection id "0HMH10S9HHS9J" started.
[2022-04-18 13:45:49.925 +07:00  INF]  Request starting HTTP/1.1 GET http://localhost:5290/swagger/index.html - -
[2022-04-18 13:45:49.983 +07:00  DBG]  Wildcard detected, all requests with hosts will be allowed.
[2022-04-18 13:45:50.043 +07:00  DBG]  No candidates found for the request path '/swagger/index.html'
[2022-04-18 13:45:50.048 +07:00  DBG]  Request did not match any endpoints
[2022-04-18 13:45:50.265 +07:00  DBG]  Response markup is scheduled to include browser refresh script injection.
[2022-04-18 13:45:50.446 +07:00  DBG]  Response markup was updated to include browser refresh script injection.
[2022-04-18 13:45:50.446 +07:00  DBG]  Connection id "0HMH10S9HHS9J" completed keep alive response.
[2022-04-18 13:45:50.449 +07:00  INF]  Request finished HTTP/1.1 GET http://localhost:5290/swagger/index.html - - - 200 - text/html;charset=utf-8 528.5125ms
[2022-04-18 13:45:50.632 +07:00  INF]  Request starting HTTP/1.1 GET http://localhost:5290/_framework/aspnetcore-browser-refresh.js - -
[2022-04-18 13:45:50.635 +07:00  DBG]  Connection id "0HMH10S9HHS9J" completed keep alive response.
[2022-04-18 13:45:50.635 +07:00  INF]  Request finished HTTP/1.1 GET http://localhost:5290/_framework/aspnetcore-browser-refresh.js - - - 200 11998 application/javascript;+charset=utf-8 2.6370ms
[2022-04-18 13:45:51.191 +07:00  INF]  Request starting HTTP/1.1 GET http://localhost:5290/swagger/v1/swagger.json - -
[2022-04-18 13:45:51.192 +07:00  DBG]  No candidates found for the request path '/swagger/v1/swagger.json'
[2022-04-18 13:45:51.192 +07:00  DBG]  Request did not match any endpoints
[2022-04-18 13:45:51.358 +07:00  DBG]  Connection id "0HMH10S9HHS9J" completed keep alive response.
[2022-04-18 13:45:51.358 +07:00  INF]  Request finished HTTP/1.1 GET http://localhost:5290/swagger/v1/swagger.json - - - 200 - application/json;charset=utf-8 167.3132ms
[2022-04-18 13:45:59.596 +07:00  DBG]  Connection id "0HMH10S9HHS9J" received FIN.
[2022-04-18 13:45:59.596 +07:00  DBG]  Connection id "0HMH10S9HHS9I" received FIN.
[2022-04-18 13:45:59.597 +07:00  DBG]  Connection id "0HMH10S9HHS9I" sending FIN because: "The client closed the connection."
[2022-04-18 13:45:59.597 +07:00  DBG]  Connection id "0HMH10S9HHS9I" disconnecting.
[2022-04-18 13:45:59.598 +07:00  DBG]  Connection id "0HMH10S9HHS9J" sending FIN because: "The client closed the connection."
[2022-04-18 13:45:59.599 +07:00  DBG]  Connection id "0HMH10S9HHS9J" disconnecting.
[2022-04-18 13:45:59.603 +07:00  DBG]  Connection id "0HMH10S9HHS9I" stopped.
[2022-04-18 13:45:59.603 +07:00  DBG]  Connection id "0HMH10S9HHS9J" stopped.
[2022-04-18 13:46:09.238 +07:00  INF]  Application is shutting down...
[2022-04-18 13:46:09.244 +07:00  DBG]  Hosting stopping
[2022-04-18 13:46:09.263 +07:00  DBG]  Hosting stopped
[2022-04-18 13:46:43.753 +07:00  DBG]  Registered model binder providers, in the following order: ["Microsoft.AspNetCore.Mvc.ModelBinding.Binders.BinderTypeModelBinderProvider","Microsoft.AspNetCore.Mvc.ModelBinding.Binders.ServicesModelBinderProvider","Microsoft.AspNetCore.Mvc.ModelBinding.Binders.BodyModelBinderProvider","Microsoft.AspNetCore.Mvc.ModelBinding.Binders.HeaderModelBinderProvider","Microsoft.AspNetCore.Mvc.ModelBinding.Binders.FloatingPointTypeModelBinderProvider","Microsoft.AspNetCore.Mvc.ModelBinding.Binders.EnumTypeModelBinderProvider","Microsoft.AspNetCore.Mvc.ModelBinding.Binders.DateTimeModelBinderProvider","Microsoft.AspNetCore.Mvc.ModelBinding.Binders.SimpleTypeModelBinderProvider","Microsoft.AspNetCore.Mvc.ModelBinding.Binders.CancellationTokenModelBinderProvider","Microsoft.AspNetCore.Mvc.ModelBinding.Binders.ByteArrayModelBinderProvider","Microsoft.AspNetCore.Mvc.ModelBinding.Binders.FormFileModelBinderProvider","Microsoft.AspNetCore.Mvc.ModelBinding.Binders.FormCollectionModelBinderProvider","Microsoft.AspNetCore.Mvc.ModelBinding.Binders.KeyValuePairModelBinderProvider","Microsoft.AspNetCore.Mvc.ModelBinding.Binders.DictionaryModelBinderProvider","Microsoft.AspNetCore.Mvc.ModelBinding.Binders.ArrayModelBinderProvider","Microsoft.AspNetCore.Mvc.ModelBinding.Binders.CollectionModelBinderProvider","Microsoft.AspNetCore.Mvc.ModelBinding.Binders.ComplexObjectModelBinderProvider"]
[2022-04-18 13:55:56.598 +07:00  DBG]  Registered model binder providers, in the following order: ["Microsoft.AspNetCore.Mvc.ModelBinding.Binders.BinderTypeModelBinderProvider","Microsoft.AspNetCore.Mvc.ModelBinding.Binders.ServicesModelBinderProvider","Microsoft.AspNetCore.Mvc.ModelBinding.Binders.BodyModelBinderProvider","Microsoft.AspNetCore.Mvc.ModelBinding.Binders.HeaderModelBinderProvider","Microsoft.AspNetCore.Mvc.ModelBinding.Binders.FloatingPointTypeModelBinderProvider","Microsoft.AspNetCore.Mvc.ModelBinding.Binders.EnumTypeModelBinderProvider","Microsoft.AspNetCore.Mvc.ModelBinding.Binders.DateTimeModelBinderProvider","Microsoft.AspNetCore.Mvc.ModelBinding.Binders.SimpleTypeModelBinderProvider","Microsoft.AspNetCore.Mvc.ModelBinding.Binders.CancellationTokenModelBinderProvider","Microsoft.AspNetCore.Mvc.ModelBinding.Binders.ByteArrayModelBinderProvider","Microsoft.AspNetCore.Mvc.ModelBinding.Binders.FormFileModelBinderProvider","Microsoft.AspNetCore.Mvc.ModelBinding.Binders.FormCollectionModelBinderProvider","Microsoft.AspNetCore.Mvc.ModelBinding.Binders.KeyValuePairModelBinderProvider","Microsoft.AspNetCore.Mvc.ModelBinding.Binders.DictionaryModelBinderProvider","Microsoft.AspNetCore.Mvc.ModelBinding.Binders.ArrayModelBinderProvider","Microsoft.AspNetCore.Mvc.ModelBinding.Binders.CollectionModelBinderProvider","Microsoft.AspNetCore.Mvc.ModelBinding.Binders.ComplexObjectModelBinderProvider"]
[2022-04-18 13:55:58.494 +07:00  DBG]  Hosting starting
[2022-04-18 13:55:58.557 +07:00  INF]  Now listening on: http://localhost:5290
[2022-04-18 13:55:58.557 +07:00  DBG]  Loaded hosting startup assembly SportFieldBooking.API
[2022-04-18 13:55:58.557 +07:00  DBG]  Loaded hosting startup assembly Microsoft.AspNetCore.Watch.BrowserRefresh
[2022-04-18 13:55:58.557 +07:00  DBG]  Loaded hosting startup assembly Microsoft.WebTools.BrowserLink.Net
[2022-04-18 13:55:58.557 +07:00  INF]  Application started. Press Ctrl+C to shut down.
[2022-04-18 13:55:58.557 +07:00  INF]  Hosting environment: Development
[2022-04-18 13:55:58.557 +07:00  INF]  Content root path: D:\#Study\Programming\DotNET\Practice\SportFieldBooking\SportFieldBooking.API\
[2022-04-18 13:55:58.557 +07:00  DBG]  Hosting started
[2022-04-18 13:55:58.617 +07:00  DBG]  Connection id "0HMH111V29NAF" accepted.
[2022-04-18 13:55:58.617 +07:00  DBG]  Connection id "0HMH111V29NAE" accepted.
[2022-04-18 13:55:58.617 +07:00  DBG]  Connection id "0HMH111V29NAF" started.
[2022-04-18 13:55:58.617 +07:00  DBG]  Connection id "0HMH111V29NAE" started.
[2022-04-18 13:55:58.633 +07:00  DBG]  Connection id "0HMH111V29NAF" received FIN.
[2022-04-18 13:55:58.633 +07:00  DBG]  Connection id "0HMH111V29NAE" received FIN.
[2022-04-18 13:55:58.633 +07:00  DBG]  Connection id "0HMH111V29NAG" received FIN.
[2022-04-18 13:55:58.634 +07:00  DBG]  Connection id "0HMH111V29NAG" accepted.
[2022-04-18 13:55:58.643 +07:00  DBG]  Connection id "0HMH111V29NAE" sending FIN because: "The client closed the connection."
[2022-04-18 13:55:58.643 +07:00  DBG]  Connection id "0HMH111V29NAF" sending FIN because: "The client closed the connection."
[2022-04-18 13:55:58.648 +07:00  DBG]  Connection id "0HMH111V29NAE" disconnecting.
[2022-04-18 13:55:58.648 +07:00  DBG]  Connection id "0HMH111V29NAF" disconnecting.
[2022-04-18 13:55:58.649 +07:00  DBG]  Connection id "0HMH111V29NAG" started.
[2022-04-18 13:55:58.649 +07:00  DBG]  Connection id "0HMH111V29NAG" sending FIN because: "The client closed the connection."
[2022-04-18 13:55:58.649 +07:00  DBG]  Connection id "0HMH111V29NAG" disconnecting.
[2022-04-18 13:55:58.650 +07:00  DBG]  Connection id "0HMH111V29NAG" stopped.
[2022-04-18 13:55:58.651 +07:00  DBG]  Connection id "0HMH111V29NAE" stopped.
[2022-04-18 13:55:58.650 +07:00  DBG]  Connection id "0HMH111V29NAF" stopped.
[2022-04-18 13:55:58.659 +07:00  DBG]  Connection id "0HMH111V29NAH" accepted.
[2022-04-18 13:55:58.659 +07:00  DBG]  Connection id "0HMH111V29NAI" accepted.
[2022-04-18 13:55:58.660 +07:00  DBG]  Connection id "0HMH111V29NAH" started.
[2022-04-18 13:55:58.660 +07:00  DBG]  Connection id "0HMH111V29NAI" started.
[2022-04-18 13:55:58.741 +07:00  INF]  Request starting HTTP/1.1 GET http://localhost:5290/swagger/index.html - -
[2022-04-18 13:55:58.795 +07:00  DBG]  Wildcard detected, all requests with hosts will be allowed.
[2022-04-18 13:55:58.828 +07:00  DBG]  No candidates found for the request path '/swagger/index.html'
[2022-04-18 13:55:58.829 +07:00  DBG]  Request did not match any endpoints
[2022-04-18 13:55:59.076 +07:00  DBG]  Response markup is scheduled to include browser refresh script injection.
[2022-04-18 13:55:59.201 +07:00  DBG]  Response markup was updated to include browser refresh script injection.
[2022-04-18 13:55:59.201 +07:00  DBG]  Connection id "0HMH111V29NAH" completed keep alive response.
[2022-04-18 13:55:59.204 +07:00  INF]  Request finished HTTP/1.1 GET http://localhost:5290/swagger/index.html - - - 200 - text/html;charset=utf-8 468.7147ms
[2022-04-18 13:55:59.375 +07:00  INF]  Request starting HTTP/1.1 GET http://localhost:5290/_framework/aspnetcore-browser-refresh.js - -
[2022-04-18 13:55:59.378 +07:00  DBG]  Connection id "0HMH111V29NAH" completed keep alive response.
[2022-04-18 13:55:59.379 +07:00  INF]  Request finished HTTP/1.1 GET http://localhost:5290/_framework/aspnetcore-browser-refresh.js - - - 200 11998 application/javascript;+charset=utf-8 3.0037ms
[2022-04-18 13:55:59.864 +07:00  INF]  Request starting HTTP/1.1 GET http://localhost:5290/swagger/v1/swagger.json - -
[2022-04-18 13:55:59.865 +07:00  DBG]  No candidates found for the request path '/swagger/v1/swagger.json'
[2022-04-18 13:55:59.865 +07:00  DBG]  Request did not match any endpoints
[2022-04-18 13:56:00.032 +07:00  DBG]  Connection id "0HMH111V29NAH" completed keep alive response.
[2022-04-18 13:56:00.033 +07:00  INF]  Request finished HTTP/1.1 GET http://localhost:5290/swagger/v1/swagger.json - - - 200 - application/json;charset=utf-8 168.3948ms
[2022-04-18 13:56:05.770 +07:00  DBG]  Connection id "0HMH111V29NAI" received FIN.
[2022-04-18 13:56:05.770 +07:00  DBG]  Connection id "0HMH111V29NAH" received FIN.
[2022-04-18 13:56:05.770 +07:00  DBG]  Connection id "0HMH111V29NAH" sending FIN because: "The client closed the connection."
[2022-04-18 13:56:05.771 +07:00  DBG]  Connection id "0HMH111V29NAH" disconnecting.
[2022-04-18 13:56:05.771 +07:00  DBG]  Connection id "0HMH111V29NAI" disconnecting.
[2022-04-18 13:56:05.773 +07:00  DBG]  Connection id "0HMH111V29NAI" stopped.
[2022-04-18 13:56:05.773 +07:00  DBG]  Connection id "0HMH111V29NAI" sending FIN because: "The Socket transport's send loop completed gracefully."
[2022-04-18 13:56:05.774 +07:00  DBG]  Connection id "0HMH111V29NAH" stopped.
[2022-04-18 13:56:07.320 +07:00  INF]  Application is shutting down...
[2022-04-18 13:56:07.324 +07:00  DBG]  Hosting stopping
[2022-04-18 13:56:07.345 +07:00  DBG]  Hosting stopped
[2022-04-18 14:03:01.326 +07:00  DBG]  Registered model binder providers, in the following order: ["Microsoft.AspNetCore.Mvc.ModelBinding.Binders.BinderTypeModelBinderProvider","Microsoft.AspNetCore.Mvc.ModelBinding.Binders.ServicesModelBinderProvider","Microsoft.AspNetCore.Mvc.ModelBinding.Binders.BodyModelBinderProvider","Microsoft.AspNetCore.Mvc.ModelBinding.Binders.HeaderModelBinderProvider","Microsoft.AspNetCore.Mvc.ModelBinding.Binders.FloatingPointTypeModelBinderProvider","Microsoft.AspNetCore.Mvc.ModelBinding.Binders.EnumTypeModelBinderProvider","Microsoft.AspNetCore.Mvc.ModelBinding.Binders.DateTimeModelBinderProvider","Microsoft.AspNetCore.Mvc.ModelBinding.Binders.SimpleTypeModelBinderProvider","Microsoft.AspNetCore.Mvc.ModelBinding.Binders.CancellationTokenModelBinderProvider","Microsoft.AspNetCore.Mvc.ModelBinding.Binders.ByteArrayModelBinderProvider","Microsoft.AspNetCore.Mvc.ModelBinding.Binders.FormFileModelBinderProvider","Microsoft.AspNetCore.Mvc.ModelBinding.Binders.FormCollectionModelBinderProvider","Microsoft.AspNetCore.Mvc.ModelBinding.Binders.KeyValuePairModelBinderProvider","Microsoft.AspNetCore.Mvc.ModelBinding.Binders.DictionaryModelBinderProvider","Microsoft.AspNetCore.Mvc.ModelBinding.Binders.ArrayModelBinderProvider","Microsoft.AspNetCore.Mvc.ModelBinding.Binders.CollectionModelBinderProvider","Microsoft.AspNetCore.Mvc.ModelBinding.Binders.ComplexObjectModelBinderProvider"]
[2022-04-18 14:03:01.395 +07:00  INF]  [MyLog]: Migration process started...
[2022-04-18 14:03:01.401 +07:00  DBG]  Hosting starting
[2022-04-18 14:03:01.475 +07:00  INF]  Now listening on: http://localhost:5290
[2022-04-18 14:03:01.475 +07:00  DBG]  Loaded hosting startup assembly SportFieldBooking.API
[2022-04-18 14:03:01.475 +07:00  DBG]  Loaded hosting startup assembly Microsoft.AspNetCore.Watch.BrowserRefresh
[2022-04-18 14:03:01.475 +07:00  DBG]  Loaded hosting startup assembly Microsoft.WebTools.BrowserLink.Net
[2022-04-18 14:03:01.475 +07:00  INF]  Application started. Press Ctrl+C to shut down.
[2022-04-18 14:03:01.475 +07:00  INF]  Hosting environment: Development
[2022-04-18 14:03:01.476 +07:00  INF]  Content root path: D:\#Study\Programming\DotNET\Practice\SportFieldBooking\SportFieldBooking.API\
[2022-04-18 14:03:01.476 +07:00  DBG]  Hosting started
[2022-04-18 14:03:01.936 +07:00  DBG]  Connection id "0HMH115T7CNEU" received FIN.
[2022-04-18 14:03:01.936 +07:00  DBG]  Connection id "0HMH115T7CNEV" received FIN.
[2022-04-18 14:03:01.944 +07:00  DBG]  Connection id "0HMH115T7CNEV" accepted.
[2022-04-18 14:03:01.944 +07:00  DBG]  Connection id "0HMH115T7CNEU" accepted.
[2022-04-18 14:03:01.945 +07:00  DBG]  Connection id "0HMH115T7CNF0" received FIN.
[2022-04-18 14:03:01.945 +07:00  DBG]  Connection id "0HMH115T7CNF0" accepted.
[2022-04-18 14:03:01.946 +07:00  DBG]  Connection id "0HMH115T7CNF0" started.
[2022-04-18 14:03:01.946 +07:00  DBG]  Connection id "0HMH115T7CNEU" started.
[2022-04-18 14:03:01.946 +07:00  DBG]  Connection id "0HMH115T7CNEV" started.
[2022-04-18 14:03:01.958 +07:00  DBG]  Connection id "0HMH115T7CNF1" accepted.
[2022-04-18 14:03:01.959 +07:00  DBG]  Connection id "0HMH115T7CNF2" accepted.
[2022-04-18 14:03:01.961 +07:00  DBG]  Connection id "0HMH115T7CNF1" started.
[2022-04-18 14:03:01.979 +07:00  DBG]  Connection id "0HMH115T7CNF2" started.
[2022-04-18 14:03:01.981 +07:00  DBG]  Connection id "0HMH115T7CNF0" sending FIN because: "The client closed the connection."
[2022-04-18 14:03:01.981 +07:00  DBG]  Connection id "0HMH115T7CNEU" sending FIN because: "The client closed the connection."
[2022-04-18 14:03:01.982 +07:00  DBG]  Connection id "0HMH115T7CNEV" sending FIN because: "The client closed the connection."
[2022-04-18 14:03:01.985 +07:00  DBG]  Connection id "0HMH115T7CNF0" disconnecting.
[2022-04-18 14:03:01.985 +07:00  DBG]  Connection id "0HMH115T7CNEU" disconnecting.
[2022-04-18 14:03:01.985 +07:00  DBG]  Connection id "0HMH115T7CNEV" disconnecting.
[2022-04-18 14:03:01.990 +07:00  DBG]  Connection id "0HMH115T7CNEV" stopped.
[2022-04-18 14:03:01.990 +07:00  DBG]  Connection id "0HMH115T7CNF0" stopped.
[2022-04-18 14:03:01.993 +07:00  DBG]  Connection id "0HMH115T7CNEU" stopped.
[2022-04-18 14:03:02.049 +07:00  INF]  Request starting HTTP/1.1 GET http://localhost:5290/swagger/index.html - -
[2022-04-18 14:03:02.086 +07:00  DBG]  Wildcard detected, all requests with hosts will be allowed.
[2022-04-18 14:03:02.110 +07:00  DBG]  No candidates found for the request path '/swagger/index.html'
[2022-04-18 14:03:02.110 +07:00  DBG]  Request did not match any endpoints
[2022-04-18 14:03:02.239 +07:00  DBG]  Response markup is scheduled to include browser refresh script injection.
[2022-04-18 14:03:02.338 +07:00  DBG]  Response markup was updated to include browser refresh script injection.
[2022-04-18 14:03:02.338 +07:00  DBG]  Connection id "0HMH115T7CNF2" completed keep alive response.
[2022-04-18 14:03:02.340 +07:00  INF]  Request finished HTTP/1.1 GET http://localhost:5290/swagger/index.html - - - 200 - text/html;charset=utf-8 295.8319ms
[2022-04-18 14:03:02.485 +07:00  INF]  Request starting HTTP/1.1 GET http://localhost:5290/_framework/aspnetcore-browser-refresh.js - -
[2022-04-18 14:03:02.488 +07:00  DBG]  Connection id "0HMH115T7CNF2" completed keep alive response.
[2022-04-18 14:03:02.488 +07:00  INF]  Request finished HTTP/1.1 GET http://localhost:5290/_framework/aspnetcore-browser-refresh.js - - - 200 11998 application/javascript;+charset=utf-8 2.8052ms
[2022-04-18 14:03:02.924 +07:00  INF]  Request starting HTTP/1.1 GET http://localhost:5290/swagger/v1/swagger.json - -
[2022-04-18 14:03:02.924 +07:00  DBG]  No candidates found for the request path '/swagger/v1/swagger.json'
[2022-04-18 14:03:02.924 +07:00  DBG]  Request did not match any endpoints
[2022-04-18 14:03:03.057 +07:00  DBG]  Connection id "0HMH115T7CNF2" completed keep alive response.
[2022-04-18 14:03:03.057 +07:00  INF]  Request finished HTTP/1.1 GET http://localhost:5290/swagger/v1/swagger.json - - - 200 - application/json;charset=utf-8 133.2999ms
[2022-04-18 14:03:06.433 +07:00  DBG]  Connection id "0HMH115T7CNF1" received FIN.
[2022-04-18 14:03:06.434 +07:00  DBG]  Connection id "0HMH115T7CNF2" received FIN.
[2022-04-18 14:03:06.434 +07:00  DBG]  Connection id "0HMH115T7CNF1" sending FIN because: "The client closed the connection."
[2022-04-18 14:03:06.435 +07:00  DBG]  Connection id "0HMH115T7CNF1" disconnecting.
[2022-04-18 14:03:06.435 +07:00  DBG]  Connection id "0HMH115T7CNF2" sending FIN because: "The client closed the connection."
[2022-04-18 14:03:06.436 +07:00  DBG]  Connection id "0HMH115T7CNF2" disconnecting.
[2022-04-18 14:03:06.439 +07:00  DBG]  Connection id "0HMH115T7CNF2" stopped.
[2022-04-18 14:03:06.439 +07:00  DBG]  Connection id "0HMH115T7CNF1" stopped.
[2022-04-18 14:03:11.880 +07:00  INF]  Application is shutting down...
[2022-04-18 14:03:11.888 +07:00  DBG]  Hosting stopping
[2022-04-18 14:03:11.914 +07:00  DBG]  Hosting stopped
[2022-04-18 16:44:46.520 +07:00  DBG]  Registered model binder providers, in the following order: ["Microsoft.AspNetCore.Mvc.ModelBinding.Binders.BinderTypeModelBinderProvider","Microsoft.AspNetCore.Mvc.ModelBinding.Binders.ServicesModelBinderProvider","Microsoft.AspNetCore.Mvc.ModelBinding.Binders.BodyModelBinderProvider","Microsoft.AspNetCore.Mvc.ModelBinding.Binders.HeaderModelBinderProvider","Microsoft.AspNetCore.Mvc.ModelBinding.Binders.FloatingPointTypeModelBinderProvider","Microsoft.AspNetCore.Mvc.ModelBinding.Binders.EnumTypeModelBinderProvider","Microsoft.AspNetCore.Mvc.ModelBinding.Binders.DateTimeModelBinderProvider","Microsoft.AspNetCore.Mvc.ModelBinding.Binders.SimpleTypeModelBinderProvider","Microsoft.AspNetCore.Mvc.ModelBinding.Binders.CancellationTokenModelBinderProvider","Microsoft.AspNetCore.Mvc.ModelBinding.Binders.ByteArrayModelBinderProvider","Microsoft.AspNetCore.Mvc.ModelBinding.Binders.FormFileModelBinderProvider","Microsoft.AspNetCore.Mvc.ModelBinding.Binders.FormCollectionModelBinderProvider","Microsoft.AspNetCore.Mvc.ModelBinding.Binders.KeyValuePairModelBinderProvider","Microsoft.AspNetCore.Mvc.ModelBinding.Binders.DictionaryModelBinderProvider","Microsoft.AspNetCore.Mvc.ModelBinding.Binders.ArrayModelBinderProvider","Microsoft.AspNetCore.Mvc.ModelBinding.Binders.CollectionModelBinderProvider","Microsoft.AspNetCore.Mvc.ModelBinding.Binders.ComplexObjectModelBinderProvider"]
[2022-04-18 16:44:46.658 +07:00  INF]  [MyLog]: Migration process started...
[2022-04-18 16:44:46.664 +07:00  DBG]  Hosting starting
[2022-04-18 16:44:46.762 +07:00  INF]  Now listening on: http://localhost:5290
[2022-04-18 16:44:46.762 +07:00  DBG]  Loaded hosting startup assembly SportFieldBooking.API
[2022-04-18 16:44:46.762 +07:00  DBG]  Loaded hosting startup assembly Microsoft.AspNetCore.Watch.BrowserRefresh
[2022-04-18 16:44:46.762 +07:00  DBG]  Loaded hosting startup assembly Microsoft.WebTools.BrowserLink.Net
[2022-04-18 16:44:46.763 +07:00  INF]  Application started. Press Ctrl+C to shut down.
[2022-04-18 16:44:46.763 +07:00  INF]  Hosting environment: Development
[2022-04-18 16:44:46.763 +07:00  INF]  Content root path: D:\#Study\Programming\DotNET\Practice\SportFieldBooking\SportFieldBooking.API\
[2022-04-18 16:44:46.763 +07:00  DBG]  Hosting started
[2022-04-18 16:44:46.998 +07:00  DBG]  Connection id "0HMH1409I30FK" received FIN.
[2022-04-18 16:44:47.023 +07:00  DBG]  Connection id "0HMH1409I30FK" accepted.
[2022-04-18 16:44:47.026 +07:00  DBG]  Connection id "0HMH1409I30FK" started.
[2022-04-18 16:44:47.080 +07:00  DBG]  Connection id "0HMH1409I30FK" sending FIN because: "The client closed the connection."
[2022-04-18 16:44:47.091 +07:00  DBG]  Connection id "0HMH1409I30FK" disconnecting.
[2022-04-18 16:44:47.098 +07:00  DBG]  Connection id "0HMH1409I30FK" stopped.
[2022-04-18 16:44:47.285 +07:00  DBG]  Connection id "0HMH1409I30FL" accepted.
[2022-04-18 16:44:47.285 +07:00  DBG]  Connection id "0HMH1409I30FL" started.
[2022-04-18 16:44:47.285 +07:00  DBG]  Connection id "0HMH1409I30FM" accepted.
[2022-04-18 16:44:47.299 +07:00  DBG]  Connection id "0HMH1409I30FM" started.
[2022-04-18 16:44:47.386 +07:00  INF]  Request starting HTTP/1.1 GET http://localhost:5290/swagger/index.html - -
[2022-04-18 16:44:47.435 +07:00  DBG]  Wildcard detected, all requests with hosts will be allowed.
[2022-04-18 16:44:47.465 +07:00  DBG]  No candidates found for the request path '/swagger/index.html'
[2022-04-18 16:44:47.466 +07:00  DBG]  Request did not match any endpoints
[2022-04-18 16:44:47.645 +07:00  DBG]  Response markup is scheduled to include browser refresh script injection.
[2022-04-18 16:44:48.387 +07:00  DBG]  Response markup was updated to include browser refresh script injection.
[2022-04-18 16:44:48.387 +07:00  DBG]  Connection id "0HMH1409I30FM" completed keep alive response.
[2022-04-18 16:44:48.389 +07:00  INF]  Request finished HTTP/1.1 GET http://localhost:5290/swagger/index.html - - - 200 - text/html;charset=utf-8 1010.7513ms
[2022-04-18 16:44:48.490 +07:00  INF]  Request starting HTTP/1.1 GET http://localhost:5290/_framework/aspnetcore-browser-refresh.js - -
[2022-04-18 16:44:48.493 +07:00  DBG]  Connection id "0HMH1409I30FM" completed keep alive response.
[2022-04-18 16:44:48.494 +07:00  INF]  Request finished HTTP/1.1 GET http://localhost:5290/_framework/aspnetcore-browser-refresh.js - - - 200 11998 application/javascript;+charset=utf-8 3.2335ms
[2022-04-18 16:44:48.706 +07:00  INF]  Request starting HTTP/1.1 GET http://localhost:5290/swagger/v1/swagger.json - -
[2022-04-18 16:44:48.706 +07:00  DBG]  No candidates found for the request path '/swagger/v1/swagger.json'
[2022-04-18 16:44:48.706 +07:00  DBG]  Request did not match any endpoints
[2022-04-18 16:44:48.847 +07:00  DBG]  Connection id "0HMH1409I30FM" completed keep alive response.
[2022-04-18 16:44:48.847 +07:00  INF]  Request finished HTTP/1.1 GET http://localhost:5290/swagger/v1/swagger.json - - - 200 - application/json;charset=utf-8 141.4064ms
[2022-04-18 16:44:54.800 +07:00  DBG]  Connection id "0HMH1409I30FM" received FIN.
[2022-04-18 16:44:54.800 +07:00  DBG]  Connection id "0HMH1409I30FL" received FIN.
[2022-04-18 16:44:54.801 +07:00  DBG]  Connection id "0HMH1409I30FL" disconnecting.
[2022-04-18 16:44:54.801 +07:00  DBG]  Connection id "0HMH1409I30FM" disconnecting.
[2022-04-18 16:44:54.802 +07:00  DBG]  Connection id "0HMH1409I30FM" sending FIN because: "The client closed the connection."
[2022-04-18 16:44:54.803 +07:00  DBG]  Connection id "0HMH1409I30FL" stopped.
[2022-04-18 16:44:54.803 +07:00  DBG]  Connection id "0HMH1409I30FM" stopped.
[2022-04-18 16:44:54.803 +07:00  DBG]  Connection id "0HMH1409I30FL" sending FIN because: "The Socket transport's send loop completed gracefully."
[2022-04-18 17:06:04.814 +07:00  DBG]  Registered model binder providers, in the following order: ["Microsoft.AspNetCore.Mvc.ModelBinding.Binders.BinderTypeModelBinderProvider","Microsoft.AspNetCore.Mvc.ModelBinding.Binders.ServicesModelBinderProvider","Microsoft.AspNetCore.Mvc.ModelBinding.Binders.BodyModelBinderProvider","Microsoft.AspNetCore.Mvc.ModelBinding.Binders.HeaderModelBinderProvider","Microsoft.AspNetCore.Mvc.ModelBinding.Binders.FloatingPointTypeModelBinderProvider","Microsoft.AspNetCore.Mvc.ModelBinding.Binders.EnumTypeModelBinderProvider","Microsoft.AspNetCore.Mvc.ModelBinding.Binders.DateTimeModelBinderProvider","Microsoft.AspNetCore.Mvc.ModelBinding.Binders.SimpleTypeModelBinderProvider","Microsoft.AspNetCore.Mvc.ModelBinding.Binders.CancellationTokenModelBinderProvider","Microsoft.AspNetCore.Mvc.ModelBinding.Binders.ByteArrayModelBinderProvider","Microsoft.AspNetCore.Mvc.ModelBinding.Binders.FormFileModelBinderProvider","Microsoft.AspNetCore.Mvc.ModelBinding.Binders.FormCollectionModelBinderProvider","Microsoft.AspNetCore.Mvc.ModelBinding.Binders.KeyValuePairModelBinderProvider","Microsoft.AspNetCore.Mvc.ModelBinding.Binders.DictionaryModelBinderProvider","Microsoft.AspNetCore.Mvc.ModelBinding.Binders.ArrayModelBinderProvider","Microsoft.AspNetCore.Mvc.ModelBinding.Binders.CollectionModelBinderProvider","Microsoft.AspNetCore.Mvc.ModelBinding.Binders.ComplexObjectModelBinderProvider"]
[2022-04-18 17:06:05.270 +07:00  INF]  [MyLog]: Migrating process
[2022-04-18 17:06:05.275 +07:00  DBG]  Hosting starting
[2022-04-18 17:06:05.332 +07:00  INF]  Now listening on: http://localhost:5290
[2022-04-18 17:06:05.332 +07:00  DBG]  Loaded hosting startup assembly SportFieldBooking.API
[2022-04-18 17:06:05.332 +07:00  DBG]  Loaded hosting startup assembly Microsoft.AspNetCore.Watch.BrowserRefresh
[2022-04-18 17:06:05.332 +07:00  DBG]  Loaded hosting startup assembly Microsoft.WebTools.BrowserLink.Net
[2022-04-18 17:06:05.332 +07:00  INF]  Application started. Press Ctrl+C to shut down.
[2022-04-18 17:06:05.332 +07:00  INF]  Hosting environment: Development
[2022-04-18 17:06:05.332 +07:00  INF]  Content root path: D:\#Study\Programming\DotNET\Practice\SportFieldBooking\SportFieldBooking.API\
[2022-04-18 17:06:05.332 +07:00  DBG]  Hosting started
[2022-04-18 17:06:05.782 +07:00  DBG]  Connection id "0HMH14C6LGDAJ" accepted.
[2022-04-18 17:06:05.782 +07:00  DBG]  Connection id "0HMH14C6LGDAK" accepted.
[2022-04-18 17:06:05.783 +07:00  DBG]  Connection id "0HMH14C6LGDAK" started.
[2022-04-18 17:06:05.783 +07:00  DBG]  Connection id "0HMH14C6LGDAJ" started.
[2022-04-18 17:06:05.796 +07:00  DBG]  Connection id "0HMH14C6LGDAJ" received FIN.
[2022-04-18 17:06:05.796 +07:00  DBG]  Connection id "0HMH14C6LGDAK" received FIN.
[2022-04-18 17:06:05.798 +07:00  DBG]  Connection id "0HMH14C6LGDAL" received FIN.
[2022-04-18 17:06:05.799 +07:00  DBG]  Connection id "0HMH14C6LGDAL" accepted.
[2022-04-18 17:06:05.808 +07:00  DBG]  Connection id "0HMH14C6LGDAJ" sending FIN because: "The client closed the connection."
[2022-04-18 17:06:05.811 +07:00  DBG]  Connection id "0HMH14C6LGDAJ" disconnecting.
[2022-04-18 17:06:05.811 +07:00  DBG]  Connection id "0HMH14C6LGDAK" sending FIN because: "The client closed the connection."
[2022-04-18 17:06:05.811 +07:00  DBG]  Connection id "0HMH14C6LGDAK" disconnecting.
[2022-04-18 17:06:05.811 +07:00  DBG]  Connection id "0HMH14C6LGDAL" started.
[2022-04-18 17:06:05.812 +07:00  DBG]  Connection id "0HMH14C6LGDAL" sending FIN because: "The client closed the connection."
[2022-04-18 17:06:05.812 +07:00  DBG]  Connection id "0HMH14C6LGDAL" disconnecting.
[2022-04-18 17:06:05.814 +07:00  DBG]  Connection id "0HMH14C6LGDAL" stopped.
[2022-04-18 17:06:05.823 +07:00  DBG]  Connection id "0HMH14C6LGDAJ" stopped.
[2022-04-18 17:06:05.824 +07:00  DBG]  Connection id "0HMH14C6LGDAK" stopped.
[2022-04-18 17:06:05.842 +07:00  DBG]  Connection id "0HMH14C6LGDAM" accepted.
[2022-04-18 17:06:05.842 +07:00  DBG]  Connection id "0HMH14C6LGDAN" accepted.
[2022-04-18 17:06:05.846 +07:00  DBG]  Connection id "0HMH14C6LGDAM" started.
[2022-04-18 17:06:05.846 +07:00  DBG]  Connection id "0HMH14C6LGDAN" started.
[2022-04-18 17:06:05.894 +07:00  INF]  Request starting HTTP/1.1 GET http://localhost:5290/swagger/index.html - -
[2022-04-18 17:06:05.942 +07:00  DBG]  Wildcard detected, all requests with hosts will be allowed.
[2022-04-18 17:06:05.963 +07:00  DBG]  No candidates found for the request path '/swagger/index.html'
[2022-04-18 17:06:05.963 +07:00  DBG]  Request did not match any endpoints
[2022-04-18 17:06:06.043 +07:00  DBG]  Response markup is scheduled to include browser refresh script injection.
[2022-04-18 17:06:06.138 +07:00  DBG]  Response markup was updated to include browser refresh script injection.
[2022-04-18 17:06:06.139 +07:00  DBG]  Connection id "0HMH14C6LGDAN" completed keep alive response.
[2022-04-18 17:06:06.140 +07:00  INF]  Request finished HTTP/1.1 GET http://localhost:5290/swagger/index.html - - - 200 - text/html;charset=utf-8 251.5488ms
[2022-04-18 17:06:06.156 +07:00  INF]  Request starting HTTP/1.1 GET http://localhost:5290/_framework/aspnetcore-browser-refresh.js - -
[2022-04-18 17:06:06.158 +07:00  DBG]  Connection id "0HMH14C6LGDAN" completed keep alive response.
[2022-04-18 17:06:06.159 +07:00  INF]  Request finished HTTP/1.1 GET http://localhost:5290/_framework/aspnetcore-browser-refresh.js - - - 200 11998 application/javascript;+charset=utf-8 3.1680ms
[2022-04-18 17:06:06.478 +07:00  INF]  Request starting HTTP/1.1 GET http://localhost:5290/swagger/v1/swagger.json - -
[2022-04-18 17:06:06.479 +07:00  DBG]  No candidates found for the request path '/swagger/v1/swagger.json'
[2022-04-18 17:06:06.479 +07:00  DBG]  Request did not match any endpoints
[2022-04-18 17:06:06.595 +07:00  DBG]  Connection id "0HMH14C6LGDAN" completed keep alive response.
[2022-04-18 17:06:06.595 +07:00  INF]  Request finished HTTP/1.1 GET http://localhost:5290/swagger/v1/swagger.json - - - 200 - application/json;charset=utf-8 117.7138ms
[2022-04-18 17:06:07.165 +07:00  DBG]  Connection id "0HMH14C6LGDAM" received FIN.
[2022-04-18 17:06:07.165 +07:00  DBG]  Connection id "0HMH14C6LGDAN" received FIN.
[2022-04-18 17:06:07.165 +07:00  DBG]  Connection id "0HMH14C6LGDAM" disconnecting.
[2022-04-18 17:06:07.165 +07:00  DBG]  Connection id "0HMH14C6LGDAM" stopped.
[2022-04-18 17:06:07.165 +07:00  DBG]  Connection id "0HMH14C6LGDAN" disconnecting.
[2022-04-18 17:06:07.165 +07:00  DBG]  Connection id "0HMH14C6LGDAN" sending FIN because: "The client closed the connection."
[2022-04-18 17:06:07.165 +07:00  DBG]  Connection id "0HMH14C6LGDAM" sending FIN because: "The Socket transport's send loop completed gracefully."
[2022-04-18 17:06:07.165 +07:00  DBG]  Connection id "0HMH14C6LGDAN" stopped.
[2022-04-18 17:06:14.867 +07:00  DBG]  Connection id "0HMH14C6LGDAO" accepted.
[2022-04-18 17:06:14.867 +07:00  DBG]  Connection id "0HMH14C6LGDAP" accepted.
[2022-04-18 17:06:14.868 +07:00  DBG]  Connection id "0HMH14C6LGDAO" started.
[2022-04-18 17:06:14.868 +07:00  DBG]  Connection id "0HMH14C6LGDAP" started.
[2022-04-18 17:06:14.869 +07:00  INF]  Request starting HTTP/1.1 GET http://localhost:5290/swagger/index.html - -
[2022-04-18 17:06:14.871 +07:00  DBG]  No candidates found for the request path '/swagger/index.html'
[2022-04-18 17:06:14.871 +07:00  DBG]  Request did not match any endpoints
[2022-04-18 17:06:14.882 +07:00  DBG]  Response markup is scheduled to include browser refresh script injection.
[2022-04-18 17:06:14.898 +07:00  DBG]  Response markup was updated to include browser refresh script injection.
[2022-04-18 17:06:14.898 +07:00  DBG]  Connection id "0HMH14C6LGDAO" completed keep alive response.
[2022-04-18 17:06:14.898 +07:00  INF]  Request finished HTTP/1.1 GET http://localhost:5290/swagger/index.html - - - 200 - text/html;charset=utf-8 29.2563ms
[2022-04-18 17:06:14.943 +07:00  INF]  Request starting HTTP/1.1 GET http://localhost:5290/_framework/aspnetcore-browser-refresh.js - -
[2022-04-18 17:06:14.944 +07:00  DBG]  Connection id "0HMH14C6LGDAO" completed keep alive response.
[2022-04-18 17:06:14.944 +07:00  INF]  Request finished HTTP/1.1 GET http://localhost:5290/_framework/aspnetcore-browser-refresh.js - - - 200 11998 application/javascript;+charset=utf-8 0.4931ms
[2022-04-18 17:06:15.385 +07:00  INF]  Request starting HTTP/1.1 GET http://localhost:5290/swagger/v1/swagger.json - -
[2022-04-18 17:06:15.385 +07:00  DBG]  No candidates found for the request path '/swagger/v1/swagger.json'
[2022-04-18 17:06:15.385 +07:00  DBG]  Request did not match any endpoints
[2022-04-18 17:06:15.390 +07:00  DBG]  Connection id "0HMH14C6LGDAO" completed keep alive response.
[2022-04-18 17:06:15.390 +07:00  INF]  Request finished HTTP/1.1 GET http://localhost:5290/swagger/v1/swagger.json - - - 200 - application/json;charset=utf-8 4.8708ms
[2022-04-18 17:06:17.182 +07:00  DBG]  Connection id "0HMH14C6LGDAP" received FIN.
[2022-04-18 17:06:17.182 +07:00  DBG]  Connection id "0HMH14C6LGDAO" received FIN.
[2022-04-18 17:06:17.182 +07:00  DBG]  Connection id "0HMH14C6LGDAP" disconnecting.
[2022-04-18 17:06:17.182 +07:00  DBG]  Connection id "0HMH14C6LGDAP" stopped.
[2022-04-18 17:06:17.182 +07:00  DBG]  Connection id "0HMH14C6LGDAO" disconnecting.
[2022-04-18 17:06:17.182 +07:00  DBG]  Connection id "0HMH14C6LGDAO" stopped.
[2022-04-18 17:06:17.182 +07:00  DBG]  Connection id "0HMH14C6LGDAP" sending FIN because: "The Socket transport's send loop completed gracefully."
[2022-04-18 17:06:17.182 +07:00  DBG]  Connection id "0HMH14C6LGDAO" sending FIN because: "The Socket transport's send loop completed gracefully."
[2022-04-18 17:06:25.317 +07:00  DBG]  Connection id "0HMH14C6LGDAQ" accepted.
[2022-04-18 17:06:25.317 +07:00  DBG]  Connection id "0HMH14C6LGDAQ" started.
[2022-04-18 17:06:25.319 +07:00  INF]  Request starting HTTP/1.1 POST http://localhost:5290/api/User application/json 91
[2022-04-18 17:06:25.326 +07:00  DBG]  1 candidate(s) found for the request path '/api/User'
[2022-04-18 17:06:25.331 +07:00  DBG]  Endpoint 'SportFieldBooking.API.Controllers.UserController.Create (SportFieldBooking.API)' with route pattern 'api/User' is valid for the request path '/api/User'
[2022-04-18 17:06:25.331 +07:00  DBG]  Request matched endpoint 'SportFieldBooking.API.Controllers.UserController.Create (SportFieldBooking.API)'
[2022-04-18 17:06:25.332 +07:00  DBG]  Static files was skipped as the request already matched an endpoint.
[2022-04-18 17:06:25.334 +07:00  INF]  Executing endpoint 'SportFieldBooking.API.Controllers.UserController.Create (SportFieldBooking.API)'
[2022-04-18 17:06:25.378 +07:00  INF]  Route matched with {action = "Create", controller = "User"}. Executing controller action with signature System.Threading.Tasks.Task`1[Microsoft.AspNetCore.Mvc.IActionResult] Create(SportFieldBooking.Biz.Model.User.New) on controller SportFieldBooking.API.Controllers.UserController (SportFieldBooking.API).
[2022-04-18 17:06:25.379 +07:00  DBG]  Execution plan of authorization filters (in the following order): ["None"]
[2022-04-18 17:06:25.379 +07:00  DBG]  Execution plan of resource filters (in the following order): ["None"]
[2022-04-18 17:06:25.379 +07:00  DBG]  Execution plan of action filters (in the following order): ["Microsoft.AspNetCore.Mvc.ModelBinding.UnsupportedContentTypeFilter (Order: -3000)","Microsoft.AspNetCore.Mvc.Infrastructure.ModelStateInvalidFilter (Order: -2000)"]
[2022-04-18 17:06:25.379 +07:00  DBG]  Execution plan of exception filters (in the following order): ["None"]
[2022-04-18 17:06:25.379 +07:00  DBG]  Execution plan of result filters (in the following order): ["Microsoft.AspNetCore.Mvc.Infrastructure.ClientErrorResultFilter (Order: -2000)"]
[2022-04-18 17:06:25.380 +07:00  DBG]  Executing controller factory for controller SportFieldBooking.API.Controllers.UserController (SportFieldBooking.API)
[2022-04-18 17:06:25.914 +07:00  DBG]  Executed controller factory for controller SportFieldBooking.API.Controllers.UserController (SportFieldBooking.API)
[2022-04-18 17:06:25.922 +07:00  DBG]  Attempting to bind parameter 'model' of type 'SportFieldBooking.Biz.Model.User.New' ...
[2022-04-18 17:06:25.924 +07:00  DBG]  Attempting to bind parameter 'model' of type 'SportFieldBooking.Biz.Model.User.New' using the name '' in request data ...
[2022-04-18 17:06:25.925 +07:00  DBG]  Selected input formatter 'Microsoft.AspNetCore.Mvc.Formatters.SystemTextJsonInputFormatter' for content type 'application/json'.
[2022-04-18 17:06:25.931 +07:00  DBG]  Connection id "0HMH14C6LGDAQ", Request id "0HMH14C6LGDAQ:00000002": started reading request body.
[2022-04-18 17:06:25.931 +07:00  DBG]  Connection id "0HMH14C6LGDAQ", Request id "0HMH14C6LGDAQ:00000002": done reading request body.
[2022-04-18 17:06:25.937 +07:00  DBG]  JSON input formatter succeeded, deserializing to type 'SportFieldBooking.Biz.Model.User.New'
[2022-04-18 17:06:25.938 +07:00  DBG]  Done attempting to bind parameter 'model' of type 'SportFieldBooking.Biz.Model.User.New'.
[2022-04-18 17:06:25.938 +07:00  DBG]  Done attempting to bind parameter 'model' of type 'SportFieldBooking.Biz.Model.User.New'.
[2022-04-18 17:06:25.938 +07:00  DBG]  Attempting to validate the bound parameter 'model' of type 'SportFieldBooking.Biz.Model.User.New' ...
[2022-04-18 17:06:25.954 +07:00  DBG]  Done attempting to validate the bound parameter 'model' of type 'SportFieldBooking.Biz.Model.User.New'.
[2022-04-18 17:06:28.328 +07:00  DBG]  List of registered output formatters, in the following order: ["Microsoft.AspNetCore.Mvc.Formatters.HttpNoContentOutputFormatter","Microsoft.AspNetCore.Mvc.Formatters.StringOutputFormatter","Microsoft.AspNetCore.Mvc.Formatters.StreamOutputFormatter","Microsoft.AspNetCore.Mvc.Formatters.SystemTextJsonOutputFormatter"]
[2022-04-18 17:06:28.330 +07:00  DBG]  No information found on request to perform content negotiation.
[2022-04-18 17:06:28.330 +07:00  DBG]  Attempting to select an output formatter without using a content type as no explicit content types were specified for the response.
[2022-04-18 17:06:28.330 +07:00  DBG]  Attempting to select the first formatter in the output formatters list which can write the result.
[2022-04-18 17:06:28.332 +07:00  DBG]  Selected output formatter 'Microsoft.AspNetCore.Mvc.Formatters.SystemTextJsonOutputFormatter' and content type 'application/json' to write the response.
[2022-04-18 17:06:28.332 +07:00  INF]  Executing OkObjectResult, writing value of type 'SportFieldBooking.Biz.Model.User.View'.
[2022-04-18 17:06:28.349 +07:00  INF]  Executed action SportFieldBooking.API.Controllers.UserController.Create (SportFieldBooking.API) in 2963.2529ms
[2022-04-18 17:06:28.350 +07:00  INF]  Executed endpoint 'SportFieldBooking.API.Controllers.UserController.Create (SportFieldBooking.API)'
[2022-04-18 17:06:28.350 +07:00  DBG]  Connection id "0HMH14C6LGDAQ" completed keep alive response.
[2022-04-18 17:06:28.356 +07:00  INF]  Request finished HTTP/1.1 POST http://localhost:5290/api/User application/json 91 - 200 - application/json;+charset=utf-8 3036.6721ms
[2022-04-18 17:06:32.194 +07:00  DBG]  Connection id "0HMH14C6LGDAQ" received FIN.
[2022-04-18 17:06:32.194 +07:00  DBG]  Connection id "0HMH14C6LGDAQ" disconnecting.
[2022-04-18 17:06:32.194 +07:00  DBG]  Connection id "0HMH14C6LGDAQ" stopped.
[2022-04-18 17:06:32.194 +07:00  DBG]  Connection id "0HMH14C6LGDAQ" sending FIN because: "The Socket transport's send loop completed gracefully."
[2022-04-18 17:07:10.910 +07:00  DBG]  Connection id "0HMH14C6LGDAR" accepted.
[2022-04-18 17:07:10.910 +07:00  DBG]  Connection id "0HMH14C6LGDAR" started.
[2022-04-18 17:07:10.910 +07:00  INF]  Request starting HTTP/1.1 POST http://localhost:5290/api/User application/json 110
[2022-04-18 17:07:10.911 +07:00  DBG]  1 candidate(s) found for the request path '/api/User'
[2022-04-18 17:07:10.911 +07:00  DBG]  Endpoint 'SportFieldBooking.API.Controllers.UserController.Create (SportFieldBooking.API)' with route pattern 'api/User' is valid for the request path '/api/User'
[2022-04-18 17:07:10.911 +07:00  DBG]  Request matched endpoint 'SportFieldBooking.API.Controllers.UserController.Create (SportFieldBooking.API)'
[2022-04-18 17:07:10.911 +07:00  DBG]  Static files was skipped as the request already matched an endpoint.
[2022-04-18 17:07:10.912 +07:00  INF]  Executing endpoint 'SportFieldBooking.API.Controllers.UserController.Create (SportFieldBooking.API)'
[2022-04-18 17:07:10.912 +07:00  INF]  Route matched with {action = "Create", controller = "User"}. Executing controller action with signature System.Threading.Tasks.Task`1[Microsoft.AspNetCore.Mvc.IActionResult] Create(SportFieldBooking.Biz.Model.User.New) on controller SportFieldBooking.API.Controllers.UserController (SportFieldBooking.API).
[2022-04-18 17:07:10.912 +07:00  DBG]  Execution plan of authorization filters (in the following order): ["None"]
[2022-04-18 17:07:10.912 +07:00  DBG]  Execution plan of resource filters (in the following order): ["None"]
[2022-04-18 17:07:10.912 +07:00  DBG]  Execution plan of action filters (in the following order): ["Microsoft.AspNetCore.Mvc.ModelBinding.UnsupportedContentTypeFilter (Order: -3000)","Microsoft.AspNetCore.Mvc.Infrastructure.ModelStateInvalidFilter (Order: -2000)"]
[2022-04-18 17:07:10.912 +07:00  DBG]  Execution plan of exception filters (in the following order): ["None"]
[2022-04-18 17:07:10.912 +07:00  DBG]  Execution plan of result filters (in the following order): ["Microsoft.AspNetCore.Mvc.Infrastructure.ClientErrorResultFilter (Order: -2000)"]
[2022-04-18 17:07:10.912 +07:00  DBG]  Executing controller factory for controller SportFieldBooking.API.Controllers.UserController (SportFieldBooking.API)
[2022-04-18 17:07:10.919 +07:00  DBG]  Executed controller factory for controller SportFieldBooking.API.Controllers.UserController (SportFieldBooking.API)
[2022-04-18 17:07:10.920 +07:00  DBG]  Attempting to bind parameter 'model' of type 'SportFieldBooking.Biz.Model.User.New' ...
[2022-04-18 17:07:10.920 +07:00  DBG]  Attempting to bind parameter 'model' of type 'SportFieldBooking.Biz.Model.User.New' using the name '' in request data ...
[2022-04-18 17:07:10.920 +07:00  DBG]  Selected input formatter 'Microsoft.AspNetCore.Mvc.Formatters.SystemTextJsonInputFormatter' for content type 'application/json'.
[2022-04-18 17:07:10.920 +07:00  DBG]  Connection id "0HMH14C6LGDAR", Request id "0HMH14C6LGDAR:00000002": started reading request body.
[2022-04-18 17:07:10.921 +07:00  DBG]  Connection id "0HMH14C6LGDAR", Request id "0HMH14C6LGDAR:00000002": done reading request body.
[2022-04-18 17:07:10.921 +07:00  DBG]  JSON input formatter succeeded, deserializing to type 'SportFieldBooking.Biz.Model.User.New'
[2022-04-18 17:07:10.921 +07:00  DBG]  Done attempting to bind parameter 'model' of type 'SportFieldBooking.Biz.Model.User.New'.
[2022-04-18 17:07:10.921 +07:00  DBG]  Done attempting to bind parameter 'model' of type 'SportFieldBooking.Biz.Model.User.New'.
[2022-04-18 17:07:10.921 +07:00  DBG]  Attempting to validate the bound parameter 'model' of type 'SportFieldBooking.Biz.Model.User.New' ...
[2022-04-18 17:07:10.921 +07:00  DBG]  Done attempting to validate the bound parameter 'model' of type 'SportFieldBooking.Biz.Model.User.New'.
[2022-04-18 17:07:10.989 +07:00  DBG]  List of registered output formatters, in the following order: ["Microsoft.AspNetCore.Mvc.Formatters.HttpNoContentOutputFormatter","Microsoft.AspNetCore.Mvc.Formatters.StringOutputFormatter","Microsoft.AspNetCore.Mvc.Formatters.StreamOutputFormatter","Microsoft.AspNetCore.Mvc.Formatters.SystemTextJsonOutputFormatter"]
[2022-04-18 17:07:10.989 +07:00  DBG]  No information found on request to perform content negotiation.
[2022-04-18 17:07:10.989 +07:00  DBG]  Attempting to select an output formatter without using a content type as no explicit content types were specified for the response.
[2022-04-18 17:07:10.989 +07:00  DBG]  Attempting to select the first formatter in the output formatters list which can write the result.
[2022-04-18 17:07:10.989 +07:00  DBG]  Selected output formatter 'Microsoft.AspNetCore.Mvc.Formatters.SystemTextJsonOutputFormatter' and content type 'application/json' to write the response.
[2022-04-18 17:07:10.989 +07:00  INF]  Executing OkObjectResult, writing value of type 'SportFieldBooking.Biz.Model.User.View'.
[2022-04-18 17:07:10.989 +07:00  INF]  Executed action SportFieldBooking.API.Controllers.UserController.Create (SportFieldBooking.API) in 77.333ms
[2022-04-18 17:07:10.989 +07:00  INF]  Executed endpoint 'SportFieldBooking.API.Controllers.UserController.Create (SportFieldBooking.API)'
[2022-04-18 17:07:10.989 +07:00  DBG]  Connection id "0HMH14C6LGDAR" completed keep alive response.
[2022-04-18 17:07:10.990 +07:00  INF]  Request finished HTTP/1.1 POST http://localhost:5290/api/User application/json 110 - 200 - application/json;+charset=utf-8 79.1377ms
[2022-04-18 17:07:17.260 +07:00  DBG]  Connection id "0HMH14C6LGDAR" received FIN.
[2022-04-18 17:07:17.261 +07:00  DBG]  Connection id "0HMH14C6LGDAR" sending FIN because: "The client closed the connection."
[2022-04-18 17:07:17.261 +07:00  DBG]  Connection id "0HMH14C6LGDAR" disconnecting.
[2022-04-18 17:07:17.262 +07:00  DBG]  Connection id "0HMH14C6LGDAR" stopped.
[2022-04-18 17:08:27.596 +07:00  INF]  Application is shutting down...
[2022-04-18 17:08:27.597 +07:00  DBG]  Hosting stopping
[2022-04-18 17:08:27.617 +07:00  DBG]  Hosting stopped
[2022-04-18 17:13:17.698 +07:00  DBG]  Registered model binder providers, in the following order: ["Microsoft.AspNetCore.Mvc.ModelBinding.Binders.BinderTypeModelBinderProvider","Microsoft.AspNetCore.Mvc.ModelBinding.Binders.ServicesModelBinderProvider","Microsoft.AspNetCore.Mvc.ModelBinding.Binders.BodyModelBinderProvider","Microsoft.AspNetCore.Mvc.ModelBinding.Binders.HeaderModelBinderProvider","Microsoft.AspNetCore.Mvc.ModelBinding.Binders.FloatingPointTypeModelBinderProvider","Microsoft.AspNetCore.Mvc.ModelBinding.Binders.EnumTypeModelBinderProvider","Microsoft.AspNetCore.Mvc.ModelBinding.Binders.DateTimeModelBinderProvider","Microsoft.AspNetCore.Mvc.ModelBinding.Binders.SimpleTypeModelBinderProvider","Microsoft.AspNetCore.Mvc.ModelBinding.Binders.CancellationTokenModelBinderProvider","Microsoft.AspNetCore.Mvc.ModelBinding.Binders.ByteArrayModelBinderProvider","Microsoft.AspNetCore.Mvc.ModelBinding.Binders.FormFileModelBinderProvider","Microsoft.AspNetCore.Mvc.ModelBinding.Binders.FormCollectionModelBinderProvider","Microsoft.AspNetCore.Mvc.ModelBinding.Binders.KeyValuePairModelBinderProvider","Microsoft.AspNetCore.Mvc.ModelBinding.Binders.DictionaryModelBinderProvider","Microsoft.AspNetCore.Mvc.ModelBinding.Binders.ArrayModelBinderProvider","Microsoft.AspNetCore.Mvc.ModelBinding.Binders.CollectionModelBinderProvider","Microsoft.AspNetCore.Mvc.ModelBinding.Binders.ComplexObjectModelBinderProvider"]
[2022-04-18 17:13:17.931 +07:00  INF]  [MyLog]: Migrating process
[2022-04-18 17:13:17.937 +07:00  DBG]  Hosting starting
[2022-04-18 17:13:18.003 +07:00  INF]  Now listening on: http://localhost:5290
[2022-04-18 17:13:18.003 +07:00  DBG]  Loaded hosting startup assembly SportFieldBooking.API
[2022-04-18 17:13:18.003 +07:00  DBG]  Loaded hosting startup assembly Microsoft.AspNetCore.Watch.BrowserRefresh
[2022-04-18 17:13:18.003 +07:00  DBG]  Loaded hosting startup assembly Microsoft.WebTools.BrowserLink.Net
[2022-04-18 17:13:18.004 +07:00  INF]  Application started. Press Ctrl+C to shut down.
[2022-04-18 17:13:18.004 +07:00  INF]  Hosting environment: Development
[2022-04-18 17:13:18.004 +07:00  INF]  Content root path: D:\#Study\Programming\DotNET\Practice\SportFieldBooking\SportFieldBooking.API\
[2022-04-18 17:13:18.004 +07:00  DBG]  Hosting started
[2022-04-18 17:13:18.471 +07:00  DBG]  Connection id "0HMH14G7JT8AP" accepted.
[2022-04-18 17:13:18.471 +07:00  DBG]  Connection id "0HMH14G7JT8AO" accepted.
[2022-04-18 17:13:18.473 +07:00  DBG]  Connection id "0HMH14G7JT8AO" started.
[2022-04-18 17:13:18.473 +07:00  DBG]  Connection id "0HMH14G7JT8AP" started.
[2022-04-18 17:13:18.474 +07:00  DBG]  Connection id "0HMH14G7JT8AQ" received FIN.
[2022-04-18 17:13:18.475 +07:00  DBG]  Connection id "0HMH14G7JT8AQ" accepted.
[2022-04-18 17:13:18.493 +07:00  DBG]  Connection id "0HMH14G7JT8AO" received FIN.
[2022-04-18 17:13:18.495 +07:00  DBG]  Connection id "0HMH14G7JT8AP" received FIN.
[2022-04-18 17:13:18.496 +07:00  DBG]  Connection id "0HMH14G7JT8AQ" started.
[2022-04-18 17:13:18.505 +07:00  DBG]  Connection id "0HMH14G7JT8AQ" sending FIN because: "The client closed the connection."
[2022-04-18 17:13:18.512 +07:00  DBG]  Connection id "0HMH14G7JT8AQ" disconnecting.
[2022-04-18 17:13:18.514 +07:00  DBG]  Connection id "0HMH14G7JT8AO" sending FIN because: "The client closed the connection."
[2022-04-18 17:13:18.514 +07:00  DBG]  Connection id "0HMH14G7JT8AO" disconnecting.
[2022-04-18 17:13:18.515 +07:00  DBG]  Connection id "0HMH14G7JT8AQ" stopped.
[2022-04-18 17:13:18.516 +07:00  DBG]  Connection id "0HMH14G7JT8AP" disconnecting.
[2022-04-18 17:13:18.517 +07:00  DBG]  Connection id "0HMH14G7JT8AP" stopped.
[2022-04-18 17:13:18.518 +07:00  DBG]  Connection id "0HMH14G7JT8AP" sending FIN because: "The Socket transport's send loop completed gracefully."
[2022-04-18 17:13:18.518 +07:00  DBG]  Connection id "0HMH14G7JT8AO" stopped.
[2022-04-18 17:13:18.546 +07:00  DBG]  Connection id "0HMH14G7JT8AR" accepted.
[2022-04-18 17:13:18.546 +07:00  DBG]  Connection id "0HMH14G7JT8AS" accepted.
[2022-04-18 17:13:18.558 +07:00  DBG]  Connection id "0HMH14G7JT8AR" started.
[2022-04-18 17:13:18.558 +07:00  DBG]  Connection id "0HMH14G7JT8AS" started.
[2022-04-18 17:13:18.629 +07:00  INF]  Request starting HTTP/1.1 GET http://localhost:5290/swagger/index.html - -
[2022-04-18 17:13:18.682 +07:00  DBG]  Wildcard detected, all requests with hosts will be allowed.
[2022-04-18 17:13:18.731 +07:00  DBG]  No candidates found for the request path '/swagger/index.html'
[2022-04-18 17:13:18.732 +07:00  DBG]  Request did not match any endpoints
[2022-04-18 17:13:18.849 +07:00  DBG]  Response markup is scheduled to include browser refresh script injection.
[2022-04-18 17:13:18.932 +07:00  DBG]  Response markup was updated to include browser refresh script injection.
[2022-04-18 17:13:18.932 +07:00  DBG]  Connection id "0HMH14G7JT8AS" completed keep alive response.
[2022-04-18 17:13:18.934 +07:00  INF]  Request finished HTTP/1.1 GET http://localhost:5290/swagger/index.html - - - 200 - text/html;charset=utf-8 310.3406ms
[2022-04-18 17:13:19.053 +07:00  INF]  Request starting HTTP/1.1 GET http://localhost:5290/_framework/aspnetcore-browser-refresh.js - -
[2022-04-18 17:13:19.055 +07:00  DBG]  Connection id "0HMH14G7JT8AS" completed keep alive response.
[2022-04-18 17:13:19.056 +07:00  INF]  Request finished HTTP/1.1 GET http://localhost:5290/_framework/aspnetcore-browser-refresh.js - - - 200 11998 application/javascript;+charset=utf-8 2.4686ms
[2022-04-18 17:13:19.560 +07:00  INF]  Request starting HTTP/1.1 GET http://localhost:5290/swagger/v1/swagger.json - -
[2022-04-18 17:13:19.561 +07:00  DBG]  No candidates found for the request path '/swagger/v1/swagger.json'
[2022-04-18 17:13:19.562 +07:00  DBG]  Request did not match any endpoints
[2022-04-18 17:13:19.698 +07:00  DBG]  Connection id "0HMH14G7JT8AS" completed keep alive response.
[2022-04-18 17:13:19.699 +07:00  INF]  Request finished HTTP/1.1 GET http://localhost:5290/swagger/v1/swagger.json - - - 200 - application/json;charset=utf-8 138.5082ms
[2022-04-18 17:13:27.938 +07:00  DBG]  Connection id "0HMH14G7JT8AR" received FIN.
[2022-04-18 17:13:27.938 +07:00  DBG]  Connection id "0HMH14G7JT8AS" received FIN.
[2022-04-18 17:13:27.938 +07:00  DBG]  Connection id "0HMH14G7JT8AR" sending FIN because: "The client closed the connection."
[2022-04-18 17:13:27.938 +07:00  DBG]  Connection id "0HMH14G7JT8AS" sending FIN because: "The client closed the connection."
[2022-04-18 17:13:27.938 +07:00  DBG]  Connection id "0HMH14G7JT8AS" disconnecting.
[2022-04-18 17:13:27.938 +07:00  DBG]  Connection id "0HMH14G7JT8AR" disconnecting.
[2022-04-18 17:13:27.939 +07:00  DBG]  Connection id "0HMH14G7JT8AR" stopped.
[2022-04-18 17:13:27.957 +07:00  DBG]  Connection id "0HMH14G7JT8AS" stopped.
[2022-04-18 17:13:28.618 +07:00  DBG]  Connection id "0HMH14G7JT8AT" accepted.
[2022-04-18 17:13:28.619 +07:00  DBG]  Connection id "0HMH14G7JT8AU" accepted.
[2022-04-18 17:13:28.620 +07:00  DBG]  Connection id "0HMH14G7JT8AT" started.
[2022-04-18 17:13:28.620 +07:00  DBG]  Connection id "0HMH14G7JT8AU" started.
[2022-04-18 17:13:28.621 +07:00  INF]  Request starting HTTP/1.1 GET http://localhost:5290/swagger/index.html - -
[2022-04-18 17:13:28.624 +07:00  DBG]  No candidates found for the request path '/swagger/index.html'
[2022-04-18 17:13:28.624 +07:00  DBG]  Request did not match any endpoints
[2022-04-18 17:13:28.626 +07:00  DBG]  Response markup is scheduled to include browser refresh script injection.
[2022-04-18 17:13:28.638 +07:00  DBG]  Response markup was updated to include browser refresh script injection.
[2022-04-18 17:13:28.638 +07:00  DBG]  Connection id "0HMH14G7JT8AU" completed keep alive response.
[2022-04-18 17:13:28.638 +07:00  INF]  Request finished HTTP/1.1 GET http://localhost:5290/swagger/index.html - - - 200 - text/html;charset=utf-8 17.1191ms
[2022-04-18 17:13:28.675 +07:00  INF]  Request starting HTTP/1.1 GET http://localhost:5290/_framework/aspnetcore-browser-refresh.js - -
[2022-04-18 17:13:28.675 +07:00  DBG]  Connection id "0HMH14G7JT8AU" completed keep alive response.
[2022-04-18 17:13:28.676 +07:00  INF]  Request finished HTTP/1.1 GET http://localhost:5290/_framework/aspnetcore-browser-refresh.js - - - 200 11998 application/javascript;+charset=utf-8 0.9619ms
[2022-04-18 17:13:29.249 +07:00  INF]  Request starting HTTP/1.1 GET http://localhost:5290/swagger/v1/swagger.json - -
[2022-04-18 17:13:29.249 +07:00  DBG]  No candidates found for the request path '/swagger/v1/swagger.json'
[2022-04-18 17:13:29.249 +07:00  DBG]  Request did not match any endpoints
[2022-04-18 17:13:29.269 +07:00  DBG]  Connection id "0HMH14G7JT8AU" completed keep alive response.
[2022-04-18 17:13:29.269 +07:00  INF]  Request finished HTTP/1.1 GET http://localhost:5290/swagger/v1/swagger.json - - - 200 - application/json;charset=utf-8 20.6133ms
[2022-04-18 17:13:37.962 +07:00  DBG]  Connection id "0HMH14G7JT8AU" received FIN.
[2022-04-18 17:13:37.962 +07:00  DBG]  Connection id "0HMH14G7JT8AU" disconnecting.
[2022-04-18 17:13:37.962 +07:00  DBG]  Connection id "0HMH14G7JT8AU" stopped.
[2022-04-18 17:13:37.962 +07:00  DBG]  Connection id "0HMH14G7JT8AU" sending FIN because: "The Socket transport's send loop completed gracefully."
[2022-04-18 17:13:37.963 +07:00  DBG]  Connection id "0HMH14G7JT8AT" received FIN.
[2022-04-18 17:13:37.963 +07:00  DBG]  Connection id "0HMH14G7JT8AT" disconnecting.
[2022-04-18 17:13:37.963 +07:00  DBG]  Connection id "0HMH14G7JT8AT" stopped.
[2022-04-18 17:13:37.963 +07:00  DBG]  Connection id "0HMH14G7JT8AT" sending FIN because: "The Socket transport's send loop completed gracefully."
[2022-04-18 17:14:04.771 +07:00  DBG]  Connection id "0HMH14G7JT8AV" accepted.
[2022-04-18 17:14:04.778 +07:00  DBG]  Connection id "0HMH14G7JT8AV" started.
[2022-04-18 17:14:04.783 +07:00  INF]  Request starting HTTP/1.1 POST http://localhost:5290/api/User application/json 130
[2022-04-18 17:14:04.802 +07:00  DBG]  1 candidate(s) found for the request path '/api/User'
[2022-04-18 17:14:04.811 +07:00  DBG]  Endpoint 'SportFieldBooking.API.Controllers.UserController.Create (SportFieldBooking.API)' with route pattern 'api/User' is valid for the request path '/api/User'
[2022-04-18 17:14:04.812 +07:00  DBG]  Request matched endpoint 'SportFieldBooking.API.Controllers.UserController.Create (SportFieldBooking.API)'
[2022-04-18 17:14:04.815 +07:00  DBG]  Static files was skipped as the request already matched an endpoint.
[2022-04-18 17:14:04.819 +07:00  INF]  Executing endpoint 'SportFieldBooking.API.Controllers.UserController.Create (SportFieldBooking.API)'
[2022-04-18 17:14:04.891 +07:00  INF]  Route matched with {action = "Create", controller = "User"}. Executing controller action with signature System.Threading.Tasks.Task`1[Microsoft.AspNetCore.Mvc.IActionResult] Create(SportFieldBooking.Biz.Model.User.New) on controller SportFieldBooking.API.Controllers.UserController (SportFieldBooking.API).
[2022-04-18 17:14:04.894 +07:00  DBG]  Execution plan of authorization filters (in the following order): ["None"]
[2022-04-18 17:14:04.894 +07:00  DBG]  Execution plan of resource filters (in the following order): ["None"]
[2022-04-18 17:14:04.895 +07:00  DBG]  Execution plan of action filters (in the following order): ["Microsoft.AspNetCore.Mvc.ModelBinding.UnsupportedContentTypeFilter (Order: -3000)","Microsoft.AspNetCore.Mvc.Infrastructure.ModelStateInvalidFilter (Order: -2000)"]
[2022-04-18 17:14:04.895 +07:00  DBG]  Execution plan of exception filters (in the following order): ["None"]
[2022-04-18 17:14:04.895 +07:00  DBG]  Execution plan of result filters (in the following order): ["Microsoft.AspNetCore.Mvc.Infrastructure.ClientErrorResultFilter (Order: -2000)"]
[2022-04-18 17:14:04.898 +07:00  DBG]  Executing controller factory for controller SportFieldBooking.API.Controllers.UserController (SportFieldBooking.API)
[2022-04-18 17:14:05.348 +07:00  DBG]  Executed controller factory for controller SportFieldBooking.API.Controllers.UserController (SportFieldBooking.API)
[2022-04-18 17:14:05.354 +07:00  DBG]  Attempting to bind parameter 'model' of type 'SportFieldBooking.Biz.Model.User.New' ...
[2022-04-18 17:14:05.358 +07:00  DBG]  Attempting to bind parameter 'model' of type 'SportFieldBooking.Biz.Model.User.New' using the name '' in request data ...
[2022-04-18 17:14:05.360 +07:00  DBG]  Selected input formatter 'Microsoft.AspNetCore.Mvc.Formatters.SystemTextJsonInputFormatter' for content type 'application/json'.
[2022-04-18 17:14:05.368 +07:00  DBG]  Connection id "0HMH14G7JT8AV", Request id "0HMH14G7JT8AV:00000002": started reading request body.
[2022-04-18 17:14:05.369 +07:00  DBG]  Connection id "0HMH14G7JT8AV", Request id "0HMH14G7JT8AV:00000002": done reading request body.
[2022-04-18 17:14:05.381 +07:00  DBG]  JSON input formatter succeeded, deserializing to type 'SportFieldBooking.Biz.Model.User.New'
[2022-04-18 17:14:05.381 +07:00  DBG]  Done attempting to bind parameter 'model' of type 'SportFieldBooking.Biz.Model.User.New'.
[2022-04-18 17:14:05.381 +07:00  DBG]  Done attempting to bind parameter 'model' of type 'SportFieldBooking.Biz.Model.User.New'.
[2022-04-18 17:14:05.381 +07:00  DBG]  Attempting to validate the bound parameter 'model' of type 'SportFieldBooking.Biz.Model.User.New' ...
[2022-04-18 17:14:05.394 +07:00  DBG]  Done attempting to validate the bound parameter 'model' of type 'SportFieldBooking.Biz.Model.User.New'.
[2022-04-18 17:14:08.754 +07:00  DBG]  List of registered output formatters, in the following order: ["Microsoft.AspNetCore.Mvc.Formatters.HttpNoContentOutputFormatter","Microsoft.AspNetCore.Mvc.Formatters.StringOutputFormatter","Microsoft.AspNetCore.Mvc.Formatters.StreamOutputFormatter","Microsoft.AspNetCore.Mvc.Formatters.SystemTextJsonOutputFormatter"]
[2022-04-18 17:14:08.758 +07:00  DBG]  No information found on request to perform content negotiation.
[2022-04-18 17:14:08.758 +07:00  DBG]  Attempting to select an output formatter without using a content type as no explicit content types were specified for the response.
[2022-04-18 17:14:08.758 +07:00  DBG]  Attempting to select the first formatter in the output formatters list which can write the result.
[2022-04-18 17:14:08.761 +07:00  DBG]  Selected output formatter 'Microsoft.AspNetCore.Mvc.Formatters.SystemTextJsonOutputFormatter' and content type 'application/json' to write the response.
[2022-04-18 17:14:08.762 +07:00  INF]  Executing OkObjectResult, writing value of type 'SportFieldBooking.Biz.Model.User.View'.
[2022-04-18 17:14:08.793 +07:00  INF]  Executed action SportFieldBooking.API.Controllers.UserController.Create (SportFieldBooking.API) in 3882.5383ms
[2022-04-18 17:14:08.794 +07:00  INF]  Executed endpoint 'SportFieldBooking.API.Controllers.UserController.Create (SportFieldBooking.API)'
[2022-04-18 17:14:08.795 +07:00  DBG]  Connection id "0HMH14G7JT8AV" completed keep alive response.
[2022-04-18 17:14:08.809 +07:00  INF]  Request finished HTTP/1.1 POST http://localhost:5290/api/User application/json 130 - 200 - application/json;+charset=utf-8 4026.0220ms
[2022-04-18 17:14:18.034 +07:00  DBG]  Connection id "0HMH14G7JT8AV" received FIN.
[2022-04-18 17:14:18.035 +07:00  DBG]  Connection id "0HMH14G7JT8AV" disconnecting.
[2022-04-18 17:14:18.035 +07:00  DBG]  Connection id "0HMH14G7JT8AV" sending FIN because: "The client closed the connection."
[2022-04-18 17:14:18.045 +07:00  DBG]  Connection id "0HMH14G7JT8AV" stopped.
[2022-04-18 17:25:41.422 +07:00  DBG]  Registered model binder providers, in the following order: ["Microsoft.AspNetCore.Mvc.ModelBinding.Binders.BinderTypeModelBinderProvider","Microsoft.AspNetCore.Mvc.ModelBinding.Binders.ServicesModelBinderProvider","Microsoft.AspNetCore.Mvc.ModelBinding.Binders.BodyModelBinderProvider","Microsoft.AspNetCore.Mvc.ModelBinding.Binders.HeaderModelBinderProvider","Microsoft.AspNetCore.Mvc.ModelBinding.Binders.FloatingPointTypeModelBinderProvider","Microsoft.AspNetCore.Mvc.ModelBinding.Binders.EnumTypeModelBinderProvider","Microsoft.AspNetCore.Mvc.ModelBinding.Binders.DateTimeModelBinderProvider","Microsoft.AspNetCore.Mvc.ModelBinding.Binders.SimpleTypeModelBinderProvider","Microsoft.AspNetCore.Mvc.ModelBinding.Binders.CancellationTokenModelBinderProvider","Microsoft.AspNetCore.Mvc.ModelBinding.Binders.ByteArrayModelBinderProvider","Microsoft.AspNetCore.Mvc.ModelBinding.Binders.FormFileModelBinderProvider","Microsoft.AspNetCore.Mvc.ModelBinding.Binders.FormCollectionModelBinderProvider","Microsoft.AspNetCore.Mvc.ModelBinding.Binders.KeyValuePairModelBinderProvider","Microsoft.AspNetCore.Mvc.ModelBinding.Binders.DictionaryModelBinderProvider","Microsoft.AspNetCore.Mvc.ModelBinding.Binders.ArrayModelBinderProvider","Microsoft.AspNetCore.Mvc.ModelBinding.Binders.CollectionModelBinderProvider","Microsoft.AspNetCore.Mvc.ModelBinding.Binders.ComplexObjectModelBinderProvider"]
[2022-04-18 17:25:41.530 +07:00  INF]  [MyLog]: Migrating process
[2022-04-18 17:25:43.161 +07:00  DBG]  Hosting starting
[2022-04-18 17:25:43.203 +07:00  INF]  Now listening on: http://localhost:5290
[2022-04-18 17:25:43.203 +07:00  DBG]  Loaded hosting startup assembly SportFieldBooking.API
[2022-04-18 17:25:43.203 +07:00  DBG]  Loaded hosting startup assembly Microsoft.AspNetCore.Watch.BrowserRefresh
[2022-04-18 17:25:43.203 +07:00  DBG]  Loaded hosting startup assembly Microsoft.WebTools.BrowserLink.Net
[2022-04-18 17:25:43.203 +07:00  INF]  Application started. Press Ctrl+C to shut down.
[2022-04-18 17:25:43.203 +07:00  INF]  Hosting environment: Development
[2022-04-18 17:25:43.203 +07:00  INF]  Content root path: D:\#Study\Programming\DotNET\Practice\SportFieldBooking\SportFieldBooking.API\
[2022-04-18 17:25:43.203 +07:00  DBG]  Hosting started
[2022-04-18 17:25:43.523 +07:00  DBG]  Connection id "0HMH14N5LADO3" accepted.
[2022-04-18 17:25:43.523 +07:00  DBG]  Connection id "0HMH14N5LADO4" accepted.
[2022-04-18 17:25:43.524 +07:00  DBG]  Connection id "0HMH14N5LADO4" started.
[2022-04-18 17:25:43.524 +07:00  DBG]  Connection id "0HMH14N5LADO3" started.
[2022-04-18 17:25:44.082 +07:00  DBG]  Connection id "0HMH14N5LADO4" received FIN.
[2022-04-18 17:25:44.084 +07:00  DBG]  Connection id "0HMH14N5LADO3" received FIN.
[2022-04-18 17:25:44.089 +07:00  DBG]  Connection id "0HMH14N5LADO4" disconnecting.
[2022-04-18 17:25:44.093 +07:00  DBG]  Connection id "0HMH14N5LADO3" disconnecting.
[2022-04-18 17:25:44.097 +07:00  DBG]  Connection id "0HMH14N5LADO3" stopped.
[2022-04-18 17:25:44.103 +07:00  DBG]  Connection id "0HMH14N5LADO3" sending FIN because: "The Socket transport's send loop completed gracefully."
[2022-04-18 17:25:44.103 +07:00  DBG]  Connection id "0HMH14N5LADO4" sending FIN because: "The client closed the connection."
[2022-04-18 17:25:44.109 +07:00  DBG]  Connection id "0HMH14N5LADO4" stopped.
[2022-04-18 17:25:44.114 +07:00  DBG]  Connection id "0HMH14N5LADO5" received FIN.
[2022-04-18 17:25:44.114 +07:00  DBG]  Connection id "0HMH14N5LADO5" accepted.
[2022-04-18 17:25:44.125 +07:00  DBG]  Connection id "0HMH14N5LADO5" started.
[2022-04-18 17:25:44.127 +07:00  DBG]  Connection id "0HMH14N5LADO5" sending FIN because: "The client closed the connection."
[2022-04-18 17:25:44.128 +07:00  DBG]  Connection id "0HMH14N5LADO5" disconnecting.
[2022-04-18 17:25:44.128 +07:00  DBG]  Connection id "0HMH14N5LADO5" stopped.
